[Seed 7292] Projecting...
[INFO] Using seed: 7292
Loading network from "/Users/juheon/Desktop/DE_FAKE/capstone/stylegan2-ada-pytorch/weights/ffhq.pkl"
Computing W midpoint and stddev using 10000 samples...
step    1/400: dist 0.82 loss 15377.87
step    2/400: dist 0.74 loss 18188.46
step    3/400: dist 0.72 loss 17463.70
step    4/400: dist 0.68 loss 16086.34
step    5/400: dist 0.64 loss 14244.04
step    6/400: dist 0.62 loss 12187.83
step    7/400: dist 0.66 loss 10182.16
step    8/400: dist 0.58 loss 8258.86
step    9/400: dist 0.58 loss 6507.14
step   10/400: dist 0.69 loss 5091.25
step   11/400: dist 0.58 loss 4187.42
step   12/400: dist 0.59 loss 3753.99
step   13/400: dist 0.53 loss 3643.05
step   14/400: dist 0.55 loss 3600.79
step   15/400: dist 0.52 loss 3438.68
step   16/400: dist 0.51 loss 3154.06
step   17/400: dist 0.52 loss 2872.21
step   18/400: dist 0.51 loss 2719.17
step   19/400: dist 0.47 loss 2654.88
step   20/400: dist 0.56 loss 2587.34
step   21/400: dist 0.48 loss 2369.60
step   22/400: dist 0.47 loss 2096.04
step   23/400: dist 0.48 loss 1857.55
step   24/400: dist 0.46 loss 1605.88
step   25/400: dist 0.43 loss 1353.60
step   26/400: dist 0.45 loss 1143.47
step   27/400: dist 0.44 loss 1029.65
step   28/400: dist 0.46 loss 953.33
step   29/400: dist 0.43 loss 862.79
step   30/400: dist 0.44 loss 793.42
step   31/400: dist 0.46 loss 755.09
step   32/400: dist 0.47 loss 735.96
step   33/400: dist 0.46 loss 692.70
step   34/400: dist 0.48 loss 659.57
step   35/400: dist 0.44 loss 583.71
step   36/400: dist 0.40 loss 469.15
step   37/400: dist 0.44 loss 352.67
step   38/400: dist 0.46 loss 280.17
step   39/400: dist 0.44 loss 252.03
step   40/400: dist 0.43 loss 273.43
step   41/400: dist 0.44 loss 312.84
step   42/400: dist 0.43 loss 348.38
step   43/400: dist 0.43 loss 351.67
step   44/400: dist 0.41 loss 315.45
step   45/400: dist 0.43 loss 247.89
step   46/400: dist 0.43 loss 179.69
step   47/400: dist 0.41 loss 124.07
step   48/400: dist 0.41 loss 92.80
step   49/400: dist 0.41 loss 73.63
step   50/400: dist 0.40 loss 57.67
step   51/400: dist 0.40 loss 53.25
step   52/400: dist 0.39 loss 67.92
step   53/400: dist 0.39 loss 89.09
step   54/400: dist 0.39 loss 104.94
step   55/400: dist 0.38 loss 112.61
step   56/400: dist 0.38 loss 107.52
step   57/400: dist 0.39 loss 91.21
step   58/400: dist 0.40 loss 70.10
step   59/400: dist 0.41 loss 53.72
step   60/400: dist 0.38 loss 39.27
step   61/400: dist 0.38 loss 28.97
step   62/400: dist 0.37 loss 29.76
step   63/400: dist 0.36 loss 29.39
step   64/400: dist 0.38 loss 20.56
step   65/400: dist 0.38 loss 19.58
step   66/400: dist 0.39 loss 25.04
step   67/400: dist 0.38 loss 24.04
step   68/400: dist 0.40 loss 27.19
step   69/400: dist 0.39 loss 31.19
step   70/400: dist 0.37 loss 26.83
step   71/400: dist 0.38 loss 23.90
step   72/400: dist 0.36 loss 21.51
step   73/400: dist 0.38 loss 16.99
step   74/400: dist 0.35 loss 15.38
step   75/400: dist 0.36 loss 12.81
step   76/400: dist 0.38 loss 9.65 
step   77/400: dist 0.37 loss 10.36
step   78/400: dist 0.36 loss 10.83
step   79/400: dist 0.37 loss 10.29
step   80/400: dist 0.37 loss 10.17
step   81/400: dist 0.35 loss 9.68 
step   82/400: dist 0.36 loss 11.18
step   83/400: dist 0.37 loss 12.36
step   84/400: dist 0.35 loss 8.57 
step   85/400: dist 0.36 loss 5.07 
step   86/400: dist 0.35 loss 5.80 
step   87/400: dist 0.35 loss 6.70 
step   88/400: dist 0.35 loss 6.61 
step   89/400: dist 0.34 loss 7.94 
step   90/400: dist 0.35 loss 11.78
step   91/400: dist 0.35 loss 16.83
step   92/400: dist 0.36 loss 18.41
step   93/400: dist 0.35 loss 13.60
step   94/400: dist 0.34 loss 7.84 
step   95/400: dist 0.34 loss 7.91 
step   96/400: dist 0.35 loss 12.51
step   97/400: dist 0.33 loss 14.85
step   98/400: dist 0.34 loss 11.49
step   99/400: dist 0.33 loss 6.22 
step  100/400: dist 0.35 loss 4.83 
step  101/400: dist 0.34 loss 6.29 
step  102/400: dist 0.33 loss 6.27 
step  103/400: dist 0.34 loss 5.15 
step  104/400: dist 0.34 loss 5.20 
step  105/400: dist 0.34 loss 5.37 
step  106/400: dist 0.34 loss 4.52 
step  107/400: dist 0.33 loss 4.72 
step  108/400: dist 0.33 loss 6.76 
step  109/400: dist 0.33 loss 7.99 
step  110/400: dist 0.33 loss 7.54 
step  111/400: dist 0.33 loss 7.59 
step  112/400: dist 0.33 loss 8.42 
step  113/400: dist 0.33 loss 7.80 
step  114/400: dist 0.33 loss 5.25 
step  115/400: dist 0.32 loss 3.39 
step  116/400: dist 0.33 loss 4.80 
step  117/400: dist 0.33 loss 7.96 
step  118/400: dist 0.32 loss 9.45 
step  119/400: dist 0.33 loss 9.03 
step  120/400: dist 0.33 loss 9.27 
step  121/400: dist 0.32 loss 11.46
step  122/400: dist 0.32 loss 15.24
step  123/400: dist 0.33 loss 18.90
step  124/400: dist 0.32 loss 16.31
step  125/400: dist 0.32 loss 7.40 
step  126/400: dist 0.32 loss 6.26 
step  127/400: dist 0.31 loss 12.60
step  128/400: dist 0.32 loss 11.93
step  129/400: dist 0.32 loss 8.70 
step  130/400: dist 0.33 loss 17.14
step  131/400: dist 0.31 loss 26.07
step  132/400: dist 0.33 loss 22.25
step  133/400: dist 0.32 loss 14.67
step  134/400: dist 0.32 loss 10.37
step  135/400: dist 0.32 loss 8.30 
step  136/400: dist 0.31 loss 11.73
step  137/400: dist 0.31 loss 14.40
step  138/400: dist 0.33 loss 10.36
step  139/400: dist 0.32 loss 12.05
step  140/400: dist 0.31 loss 20.52
step  141/400: dist 0.32 loss 19.52
step  142/400: dist 0.32 loss 10.68
step  143/400: dist 0.33 loss 7.42 
step  144/400: dist 0.33 loss 8.41 
step  145/400: dist 0.32 loss 8.59 
step  146/400: dist 0.32 loss 8.73 
step  147/400: dist 0.32 loss 8.54 
step  148/400: dist 0.30 loss 10.36
step  149/400: dist 0.31 loss 16.66
step  150/400: dist 0.31 loss 23.56
step  151/400: dist 0.31 loss 26.47
step  152/400: dist 0.32 loss 21.04
step  153/400: dist 0.30 loss 8.94 
step  154/400: dist 0.30 loss 4.30 
step  155/400: dist 0.32 loss 11.88
step  156/400: dist 0.31 loss 15.37
step  157/400: dist 0.32 loss 7.25 
step  158/400: dist 0.33 loss 3.44 
step  159/400: dist 0.33 loss 8.43 
step  160/400: dist 0.32 loss 8.42 
step  161/400: dist 0.31 loss 4.09 
step  162/400: dist 0.30 loss 4.86 
step  163/400: dist 0.30 loss 5.99 
step  164/400: dist 0.30 loss 4.07 
step  165/400: dist 0.31 loss 4.71 
step  166/400: dist 0.31 loss 5.63 
step  167/400: dist 0.31 loss 4.03 
step  168/400: dist 0.30 loss 5.47 
step  169/400: dist 0.30 loss 8.69 
step  170/400: dist 0.31 loss 8.53 
step  171/400: dist 0.30 loss 8.85 
step  172/400: dist 0.30 loss 10.93
step  173/400: dist 0.30 loss 9.18 
step  174/400: dist 0.30 loss 5.28 
step  175/400: dist 0.30 loss 4.03 
step  176/400: dist 0.30 loss 4.10 
step  177/400: dist 0.30 loss 4.43 
step  178/400: dist 0.30 loss 5.96 
step  179/400: dist 0.30 loss 7.70 
step  180/400: dist 0.29 loss 10.04
step  181/400: dist 0.30 loss 14.37
step  182/400: dist 0.30 loss 17.26
step  183/400: dist 0.30 loss 13.78
step  184/400: dist 0.30 loss 7.59 
step  185/400: dist 0.29 loss 6.88 
step  186/400: dist 0.29 loss 11.64
step  187/400: dist 0.29 loss 14.83
step  188/400: dist 0.29 loss 13.10
step  189/400: dist 0.30 loss 10.85
step  190/400: dist 0.30 loss 9.95 
step  191/400: dist 0.30 loss 6.94 
step  192/400: dist 0.30 loss 3.35 
step  193/400: dist 0.29 loss 4.88 
step  194/400: dist 0.30 loss 9.42 
step  195/400: dist 0.30 loss 9.17 
step  196/400: dist 0.29 loss 5.70 
step  197/400: dist 0.29 loss 7.82 
step  198/400: dist 0.30 loss 15.91
step  199/400: dist 0.30 loss 22.46
step  200/400: dist 0.29 loss 22.02
step  201/400: dist 0.29 loss 14.10
step  202/400: dist 0.29 loss 6.13 
step  203/400: dist 0.29 loss 6.48 
step  204/400: dist 0.29 loss 11.31
step  205/400: dist 0.28 loss 11.54
step  206/400: dist 0.29 loss 9.60 
step  207/400: dist 0.29 loss 14.24
step  208/400: dist 0.29 loss 23.05
step  209/400: dist 0.28 loss 29.67
step  210/400: dist 0.29 loss 34.83
step  211/400: dist 0.29 loss 35.08
step  212/400: dist 0.28 loss 23.82
step  213/400: dist 0.29 loss 12.86
step  214/400: dist 0.29 loss 17.69
step  215/400: dist 0.29 loss 24.50
step  216/400: dist 0.28 loss 18.17
step  217/400: dist 0.29 loss 14.13
step  218/400: dist 0.29 loss 23.39
step  219/400: dist 0.28 loss 26.44
step  220/400: dist 0.28 loss 14.74
step  221/400: dist 0.29 loss 7.61 
step  222/400: dist 0.28 loss 11.53
step  223/400: dist 0.28 loss 12.81
step  224/400: dist 0.28 loss 10.62
step  225/400: dist 0.28 loss 10.37
step  226/400: dist 0.28 loss 8.94 
step  227/400: dist 0.28 loss 8.58 
step  228/400: dist 0.28 loss 12.66
step  229/400: dist 0.28 loss 12.78
step  230/400: dist 0.28 loss 6.83 
step  231/400: dist 0.28 loss 5.14 
step  232/400: dist 0.28 loss 7.01 
step  233/400: dist 0.28 loss 4.58 
step  234/400: dist 0.28 loss 2.52 
step  235/400: dist 0.28 loss 5.77 
step  236/400: dist 0.28 loss 8.07 
step  237/400: dist 0.28 loss 7.48 
step  238/400: dist 0.28 loss 8.53 
step  239/400: dist 0.27 loss 8.38 
step  240/400: dist 0.27 loss 4.27 
step  241/400: dist 0.27 loss 2.99 
step  242/400: dist 0.27 loss 6.76 
step  243/400: dist 0.27 loss 8.58 
step  244/400: dist 0.27 loss 6.19 
step  245/400: dist 0.27 loss 5.21 
step  246/400: dist 0.27 loss 6.88 
step  247/400: dist 0.27 loss 6.86 
step  248/400: dist 0.27 loss 4.57 
step  249/400: dist 0.27 loss 3.40 
step  250/400: dist 0.27 loss 3.64 
step  251/400: dist 0.27 loss 3.41 
step  252/400: dist 0.27 loss 3.40 
step  253/400: dist 0.27 loss 4.97 
step  254/400: dist 0.27 loss 6.38 
step  255/400: dist 0.27 loss 5.87 
step  256/400: dist 0.27 loss 4.73 
step  257/400: dist 0.27 loss 4.53 
step  258/400: dist 0.27 loss 4.46 
step  259/400: dist 0.27 loss 3.98 
step  260/400: dist 0.27 loss 4.26 
step  261/400: dist 0.27 loss 5.98 
step  262/400: dist 0.27 loss 8.43 
step  263/400: dist 0.27 loss 10.39
step  264/400: dist 0.27 loss 10.42
step  265/400: dist 0.27 loss 7.26 
step  266/400: dist 0.27 loss 2.86 
step  267/400: dist 0.27 loss 1.00 
step  268/400: dist 0.27 loss 2.66 
step  269/400: dist 0.27 loss 4.90 
step  270/400: dist 0.27 loss 4.74 
step  271/400: dist 0.27 loss 2.85 
step  272/400: dist 0.27 loss 2.16 
step  273/400: dist 0.27 loss 3.66 
step  274/400: dist 0.27 loss 5.72 
step  275/400: dist 0.27 loss 7.15 
step  276/400: dist 0.27 loss 9.52 
step  277/400: dist 0.26 loss 15.03
step  278/400: dist 0.27 loss 22.69
step  279/400: dist 0.26 loss 26.71
step  280/400: dist 0.27 loss 21.92
step  281/400: dist 0.27 loss 12.57
step  282/400: dist 0.26 loss 10.85
step  283/400: dist 0.26 loss 19.24
step  284/400: dist 0.26 loss 24.55
step  285/400: dist 0.26 loss 16.34
step  286/400: dist 0.26 loss 3.62 
step  287/400: dist 0.26 loss 2.79 
step  288/400: dist 0.26 loss 11.22
step  289/400: dist 0.26 loss 13.07
step  290/400: dist 0.26 loss 5.48 
step  291/400: dist 0.26 loss 1.52 
step  292/400: dist 0.26 loss 5.93 
step  293/400: dist 0.26 loss 8.45 
step  294/400: dist 0.26 loss 4.48 
step  295/400: dist 0.26 loss 2.16 
step  296/400: dist 0.26 loss 5.10 
step  297/400: dist 0.26 loss 7.29 
step  298/400: dist 0.26 loss 7.20 
step  299/400: dist 0.26 loss 10.23
step  300/400: dist 0.26 loss 17.28
step  301/400: dist 0.26 loss 22.96
step  302/400: dist 0.26 loss 23.21
step  303/400: dist 0.26 loss 17.36
step  304/400: dist 0.26 loss 10.23
step  305/400: dist 0.26 loss 8.81 
step  306/400: dist 0.26 loss 14.16
step  307/400: dist 0.26 loss 19.03
step  308/400: dist 0.26 loss 18.43
step  309/400: dist 0.26 loss 17.14
step  310/400: dist 0.26 loss 17.30
step  311/400: dist 0.26 loss 13.72
step  312/400: dist 0.26 loss 7.15 
step  313/400: dist 0.26 loss 5.85 
step  314/400: dist 0.26 loss 9.02 
step  315/400: dist 0.26 loss 8.52 
step  316/400: dist 0.26 loss 5.44 
step  317/400: dist 0.26 loss 4.82 
step  318/400: dist 0.26 loss 4.64 
step  319/400: dist 0.26 loss 3.65 
step  320/400: dist 0.26 loss 3.76 
step  321/400: dist 0.26 loss 3.10 
step  322/400: dist 0.26 loss 1.87 
step  323/400: dist 0.26 loss 2.84 
step  324/400: dist 0.26 loss 2.78 
step  325/400: dist 0.26 loss 0.99 
step  326/400: dist 0.26 loss 1.74 
step  327/400: dist 0.26 loss 2.18 
step  328/400: dist 0.26 loss 0.73 
step  329/400: dist 0.26 loss 1.27 
step  330/400: dist 0.26 loss 1.49 
step  331/400: dist 0.26 loss 0.56 
step  332/400: dist 0.26 loss 1.07 
step  333/400: dist 0.25 loss 0.93 
step  334/400: dist 0.26 loss 0.53 
step  335/400: dist 0.26 loss 0.86 
step  336/400: dist 0.25 loss 0.58 
step  337/400: dist 0.26 loss 0.55 
step  338/400: dist 0.26 loss 0.63 
step  339/400: dist 0.26 loss 0.45 
step  340/400: dist 0.26 loss 0.51 
step  341/400: dist 0.26 loss 0.47 
step  342/400: dist 0.26 loss 0.39 
step  343/400: dist 0.26 loss 0.46 
step  344/400: dist 0.26 loss 0.34 
step  345/400: dist 0.26 loss 0.42 
step  346/400: dist 0.25 loss 0.32 
step  347/400: dist 0.26 loss 0.38 
step  348/400: dist 0.26 loss 0.31 
step  349/400: dist 0.25 loss 0.34 
step  350/400: dist 0.26 loss 0.29 
step  351/400: dist 0.25 loss 0.33 
step  352/400: dist 0.25 loss 0.28 
step  353/400: dist 0.25 loss 0.32 
step  354/400: dist 0.25 loss 0.27 
step  355/400: dist 0.25 loss 0.30 
step  356/400: dist 0.25 loss 0.27 
step  357/400: dist 0.25 loss 0.28 
step  358/400: dist 0.25 loss 0.27 
step  359/400: dist 0.25 loss 0.26 
step  360/400: dist 0.25 loss 0.28 
step  361/400: dist 0.25 loss 0.26 
step  362/400: dist 0.25 loss 0.27 
step  363/400: dist 0.25 loss 0.26 
step  364/400: dist 0.25 loss 0.26 
step  365/400: dist 0.25 loss 0.26 
step  366/400: dist 0.25 loss 0.26 
step  367/400: dist 0.25 loss 0.26 
step  368/400: dist 0.25 loss 0.26 
step  369/400: dist 0.25 loss 0.26 
step  370/400: dist 0.25 loss 0.25 
step  371/400: dist 0.25 loss 0.25 
step  372/400: dist 0.25 loss 0.25 
step  373/400: dist 0.25 loss 0.25 
step  374/400: dist 0.25 loss 0.25 
step  375/400: dist 0.25 loss 0.25 
step  376/400: dist 0.25 loss 0.25 
step  377/400: dist 0.25 loss 0.25 
step  378/400: dist 0.25 loss 0.25 
step  379/400: dist 0.25 loss 0.25 
step  380/400: dist 0.25 loss 0.25 
step  381/400: dist 0.25 loss 0.25 
step  382/400: dist 0.25 loss 0.25 
step  383/400: dist 0.25 loss 0.25 
step  384/400: dist 0.25 loss 0.25 
step  385/400: dist 0.25 loss 0.25 
step  386/400: dist 0.25 loss 0.25 
step  387/400: dist 0.25 loss 0.25 
step  388/400: dist 0.25 loss 0.25 
step  389/400: dist 0.25 loss 0.25 
step  390/400: dist 0.25 loss 0.25 
step  391/400: dist 0.25 loss 0.25 
step  392/400: dist 0.25 loss 0.25 
step  393/400: dist 0.25 loss 0.25 
step  394/400: dist 0.25 loss 0.25 
step  395/400: dist 0.25 loss 0.25 
step  396/400: dist 0.25 loss 0.25 
step  397/400: dist 0.25 loss 0.25 
step  398/400: dist 0.25 loss 0.25 
step  399/400: dist 0.25 loss 0.25 
step  400/400: dist 0.25 loss 0.25 
Elapsed: 124.7 s
[✔] projected_w.npz saved successfully at: /Users/juheon/Desktop/DE_FAKE/capstone/stylegan2-ada-pytorch/InMAC/frame/data/stylegan/d81a99fd-f837-444a-85ac-176392bd7adb/w_candidates/seed7292/projected_w.npz
[Seed 791] Projecting...
[INFO] Using seed: 791
Loading network from "/Users/juheon/Desktop/DE_FAKE/capstone/stylegan2-ada-pytorch/weights/ffhq.pkl"
Computing W midpoint and stddev using 10000 samples...
step    1/400: dist 0.72 loss 9310.92
step    2/400: dist 0.73 loss 17668.83
step    3/400: dist 0.72 loss 16844.26
step    4/400: dist 0.65 loss 15359.56
step    5/400: dist 0.64 loss 13502.11
step    6/400: dist 0.60 loss 11628.24
step    7/400: dist 0.68 loss 9970.13
step    8/400: dist 0.65 loss 8520.23
step    9/400: dist 0.54 loss 7211.62
step   10/400: dist 0.56 loss 6042.53
step   11/400: dist 0.55 loss 5129.41
step   12/400: dist 0.54 loss 4537.00
step   13/400: dist 0.55 loss 4108.14
step   14/400: dist 0.51 loss 3578.24
step   15/400: dist 0.51 loss 2902.50
step   16/400: dist 0.50 loss 2284.98
step   17/400: dist 0.50 loss 1824.55
step   18/400: dist 0.49 loss 1618.38
step   19/400: dist 0.48 loss 1553.64
step   20/400: dist 0.48 loss 1623.71
step   21/400: dist 0.45 loss 1979.57
step   22/400: dist 0.43 loss 2470.82
step   23/400: dist 0.46 loss 2744.50
step   24/400: dist 0.43 loss 2680.34
step   25/400: dist 0.44 loss 2407.05
step   26/400: dist 0.42 loss 2136.93
step   27/400: dist 0.43 loss 1868.96
step   28/400: dist 0.43 loss 1496.68
step   29/400: dist 0.43 loss 1041.62
step   30/400: dist 0.44 loss 628.93
step   31/400: dist 0.44 loss 383.77
step   32/400: dist 0.40 loss 305.65
step   33/400: dist 0.40 loss 328.11
step   34/400: dist 0.42 loss 412.46
step   35/400: dist 0.40 loss 537.29
step   36/400: dist 0.41 loss 624.78
step   37/400: dist 0.38 loss 621.24
step   38/400: dist 0.40 loss 555.76
step   39/400: dist 0.39 loss 462.43
step   40/400: dist 0.39 loss 358.00
step   41/400: dist 0.40 loss 250.25
step   42/400: dist 0.43 loss 174.73
step   43/400: dist 0.38 loss 155.64
step   44/400: dist 0.39 loss 166.64
step   45/400: dist 0.41 loss 170.29
step   46/400: dist 0.38 loss 155.50
step   47/400: dist 0.38 loss 136.91
step   48/400: dist 0.40 loss 122.74
step   49/400: dist 0.38 loss 112.65
step   50/400: dist 0.39 loss 111.74
step   51/400: dist 0.40 loss 120.15
step   52/400: dist 0.41 loss 129.69
step   53/400: dist 0.37 loss 131.26
step   54/400: dist 0.37 loss 121.60
step   55/400: dist 0.37 loss 106.99
step   56/400: dist 0.36 loss 88.11
step   57/400: dist 0.37 loss 64.87
step   58/400: dist 0.36 loss 44.80
step   59/400: dist 0.37 loss 30.91
step   60/400: dist 0.37 loss 24.42
step   61/400: dist 0.37 loss 23.49
step   62/400: dist 0.36 loss 24.72
step   63/400: dist 0.36 loss 26.52
step   64/400: dist 0.37 loss 28.96
step   65/400: dist 0.36 loss 31.81
step   66/400: dist 0.36 loss 33.98
step   67/400: dist 0.35 loss 36.35
step   68/400: dist 0.35 loss 35.62
step   69/400: dist 0.35 loss 27.20
step   70/400: dist 0.35 loss 19.74
step   71/400: dist 0.35 loss 22.41
step   72/400: dist 0.35 loss 23.71
step   73/400: dist 0.35 loss 16.57
step   74/400: dist 0.35 loss 12.65
step   75/400: dist 0.37 loss 12.51
step   76/400: dist 0.37 loss 7.59 
step   77/400: dist 0.37 loss 4.41 
step   78/400: dist 0.35 loss 7.15 
step   79/400: dist 0.34 loss 8.13 
step   80/400: dist 0.35 loss 8.92 
step   81/400: dist 0.35 loss 12.62
step   82/400: dist 0.35 loss 13.21
step   83/400: dist 0.35 loss 10.81
step   84/400: dist 0.35 loss 10.76
step   85/400: dist 0.34 loss 11.03
step   86/400: dist 0.35 loss 10.53
step   87/400: dist 0.36 loss 10.71
step   88/400: dist 0.36 loss 8.82 
step   89/400: dist 0.34 loss 5.24 
step   90/400: dist 0.34 loss 5.94 
step   91/400: dist 0.35 loss 11.11
step   92/400: dist 0.34 loss 16.25
step   93/400: dist 0.34 loss 16.97
step   94/400: dist 0.33 loss 10.53
step   95/400: dist 0.34 loss 5.57 
step   96/400: dist 0.33 loss 10.14
step   97/400: dist 0.34 loss 13.84
step   98/400: dist 0.34 loss 8.39 
step   99/400: dist 0.34 loss 5.63 
step  100/400: dist 0.33 loss 10.18
step  101/400: dist 0.33 loss 10.31
step  102/400: dist 0.35 loss 7.28 
step  103/400: dist 0.33 loss 10.94
step  104/400: dist 0.32 loss 16.49
step  105/400: dist 0.32 loss 15.70
step  106/400: dist 0.32 loss 11.00
step  107/400: dist 0.33 loss 8.82 
step  108/400: dist 0.33 loss 10.79
step  109/400: dist 0.32 loss 12.53
step  110/400: dist 0.32 loss 9.40 
step  111/400: dist 0.34 loss 7.11 
step  112/400: dist 0.33 loss 11.64
step  113/400: dist 0.32 loss 15.32
step  114/400: dist 0.32 loss 13.32
step  115/400: dist 0.32 loss 11.83
step  116/400: dist 0.34 loss 10.18
step  117/400: dist 0.32 loss 4.47 
step  118/400: dist 0.32 loss 1.97 
step  119/400: dist 0.32 loss 6.20 
step  120/400: dist 0.33 loss 8.62 
step  121/400: dist 0.33 loss 6.22 
step  122/400: dist 0.32 loss 4.49 
step  123/400: dist 0.31 loss 4.43 
step  124/400: dist 0.32 loss 4.35 
step  125/400: dist 0.32 loss 5.34 
step  126/400: dist 0.32 loss 6.35 
step  127/400: dist 0.32 loss 5.38 
step  128/400: dist 0.31 loss 5.48 
step  129/400: dist 0.31 loss 9.97 
step  130/400: dist 0.31 loss 15.96
step  131/400: dist 0.31 loss 16.34
step  132/400: dist 0.32 loss 9.11 
step  133/400: dist 0.32 loss 4.86 
step  134/400: dist 0.32 loss 11.05
step  135/400: dist 0.31 loss 18.90
step  136/400: dist 0.31 loss 20.76
step  137/400: dist 0.31 loss 19.09
step  138/400: dist 0.31 loss 13.49
step  139/400: dist 0.31 loss 9.86 
step  140/400: dist 0.31 loss 15.73
step  141/400: dist 0.32 loss 22.99
step  142/400: dist 0.31 loss 21.08
step  143/400: dist 0.32 loss 17.01
step  144/400: dist 0.31 loss 14.47
step  145/400: dist 0.30 loss 11.48
step  146/400: dist 0.30 loss 14.08
step  147/400: dist 0.31 loss 18.62
step  148/400: dist 0.30 loss 11.91
step  149/400: dist 0.30 loss 4.36 
step  150/400: dist 0.30 loss 7.85 
step  151/400: dist 0.32 loss 9.46 
step  152/400: dist 0.30 loss 6.05 
step  153/400: dist 0.30 loss 7.76 
step  154/400: dist 0.31 loss 8.52 
step  155/400: dist 0.30 loss 4.23 
step  156/400: dist 0.31 loss 4.57 
step  157/400: dist 0.30 loss 9.26 
step  158/400: dist 0.30 loss 11.53
step  159/400: dist 0.30 loss 13.87
step  160/400: dist 0.31 loss 17.06
step  161/400: dist 0.30 loss 12.94
step  162/400: dist 0.30 loss 4.40 
step  163/400: dist 0.29 loss 3.97 
step  164/400: dist 0.31 loss 9.60 
step  165/400: dist 0.31 loss 8.74 
step  166/400: dist 0.30 loss 2.97 
step  167/400: dist 0.30 loss 4.40 
step  168/400: dist 0.30 loss 8.60 
step  169/400: dist 0.30 loss 6.12 
step  170/400: dist 0.30 loss 5.38 
step  171/400: dist 0.30 loss 12.11
step  172/400: dist 0.30 loss 16.04
step  173/400: dist 0.30 loss 16.48
step  174/400: dist 0.30 loss 20.55
step  175/400: dist 0.30 loss 17.83
step  176/400: dist 0.30 loss 6.86 
step  177/400: dist 0.29 loss 6.75 
step  178/400: dist 0.29 loss 16.16
step  179/400: dist 0.29 loss 16.11
step  180/400: dist 0.29 loss 11.18
step  181/400: dist 0.29 loss 15.65
step  182/400: dist 0.29 loss 18.10
step  183/400: dist 0.29 loss 10.61
step  184/400: dist 0.29 loss 8.59 
step  185/400: dist 0.29 loss 13.38
step  186/400: dist 0.29 loss 10.98
step  187/400: dist 0.29 loss 5.33 
step  188/400: dist 0.29 loss 6.17 
step  189/400: dist 0.28 loss 9.22 
step  190/400: dist 0.29 loss 11.95
step  191/400: dist 0.28 loss 15.71
step  192/400: dist 0.29 loss 15.80
step  193/400: dist 0.29 loss 12.50
step  194/400: dist 0.29 loss 12.40
step  195/400: dist 0.28 loss 13.63
step  196/400: dist 0.28 loss 11.90
step  197/400: dist 0.28 loss 10.70
step  198/400: dist 0.28 loss 11.59
step  199/400: dist 0.29 loss 11.96
step  200/400: dist 0.28 loss 13.09
step  201/400: dist 0.28 loss 14.26
step  202/400: dist 0.28 loss 10.29
step  203/400: dist 0.28 loss 3.78 
step  204/400: dist 0.28 loss 2.74 
step  205/400: dist 0.28 loss 6.86 
step  206/400: dist 0.28 loss 8.87 
step  207/400: dist 0.28 loss 5.78 
step  208/400: dist 0.28 loss 1.99 
step  209/400: dist 0.28 loss 2.23 
step  210/400: dist 0.28 loss 5.11 
step  211/400: dist 0.28 loss 5.70 
step  212/400: dist 0.28 loss 3.57 
step  213/400: dist 0.28 loss 3.40 
step  214/400: dist 0.28 loss 7.24 
step  215/400: dist 0.28 loss 12.30
step  216/400: dist 0.28 loss 15.74
step  217/400: dist 0.28 loss 15.50
step  218/400: dist 0.28 loss 9.53 
step  219/400: dist 0.28 loss 4.07 
step  220/400: dist 0.27 loss 6.87 
step  221/400: dist 0.28 loss 13.32
step  222/400: dist 0.28 loss 12.36
step  223/400: dist 0.28 loss 4.68 
step  224/400: dist 0.28 loss 2.67 
step  225/400: dist 0.27 loss 7.31 
step  226/400: dist 0.28 loss 8.33 
step  227/400: dist 0.28 loss 4.86 
step  228/400: dist 0.28 loss 4.58 
step  229/400: dist 0.28 loss 7.42 
step  230/400: dist 0.27 loss 8.02 
step  231/400: dist 0.28 loss 7.01 
step  232/400: dist 0.28 loss 6.79 
step  233/400: dist 0.27 loss 5.51 
step  234/400: dist 0.27 loss 2.95 
step  235/400: dist 0.27 loss 1.96 
step  236/400: dist 0.27 loss 2.50 
step  237/400: dist 0.27 loss 2.77 
step  238/400: dist 0.27 loss 3.12 
step  239/400: dist 0.27 loss 3.50 
step  240/400: dist 0.27 loss 2.56 
step  241/400: dist 0.27 loss 1.19 
step  242/400: dist 0.27 loss 1.25 
step  243/400: dist 0.27 loss 1.95 
step  244/400: dist 0.27 loss 1.99 
step  245/400: dist 0.27 loss 2.02 
step  246/400: dist 0.27 loss 2.45 
step  247/400: dist 0.27 loss 2.60 
step  248/400: dist 0.27 loss 3.21 
step  249/400: dist 0.27 loss 5.92 
step  250/400: dist 0.26 loss 10.47
step  251/400: dist 0.27 loss 15.05
step  252/400: dist 0.27 loss 17.13
step  253/400: dist 0.27 loss 14.68
step  254/400: dist 0.27 loss 10.34
step  255/400: dist 0.27 loss 9.97 
step  256/400: dist 0.27 loss 12.25
step  257/400: dist 0.26 loss 10.59
step  258/400: dist 0.26 loss 4.32 
step  259/400: dist 0.27 loss 1.51 
step  260/400: dist 0.26 loss 5.65 
step  261/400: dist 0.26 loss 8.99 
step  262/400: dist 0.26 loss 5.71 
step  263/400: dist 0.26 loss 1.83 
step  264/400: dist 0.26 loss 3.90 
step  265/400: dist 0.26 loss 7.90 
step  266/400: dist 0.26 loss 8.34 
step  267/400: dist 0.26 loss 7.71 
step  268/400: dist 0.26 loss 9.53 
step  269/400: dist 0.26 loss 10.99
step  270/400: dist 0.26 loss 9.22 
step  271/400: dist 0.26 loss 7.55 
step  272/400: dist 0.26 loss 10.48
step  273/400: dist 0.26 loss 17.14
step  274/400: dist 0.26 loss 21.36
step  275/400: dist 0.26 loss 16.04
step  276/400: dist 0.26 loss 5.15 
step  277/400: dist 0.26 loss 1.75 
step  278/400: dist 0.26 loss 7.82 
step  279/400: dist 0.26 loss 11.31
step  280/400: dist 0.26 loss 6.05 
step  281/400: dist 0.26 loss 1.92 
step  282/400: dist 0.26 loss 4.89 
step  283/400: dist 0.26 loss 6.93 
step  284/400: dist 0.26 loss 4.19 
step  285/400: dist 0.26 loss 3.61 
step  286/400: dist 0.26 loss 6.62 
step  287/400: dist 0.26 loss 7.50 
step  288/400: dist 0.26 loss 7.29 
step  289/400: dist 0.26 loss 10.24
step  290/400: dist 0.26 loss 12.09
step  291/400: dist 0.26 loss 8.54 
step  292/400: dist 0.26 loss 4.32 
step  293/400: dist 0.26 loss 4.17 
step  294/400: dist 0.26 loss 6.27 
step  295/400: dist 0.26 loss 9.17 
step  296/400: dist 0.26 loss 13.00
step  297/400: dist 0.26 loss 14.45
step  298/400: dist 0.26 loss 11.16
step  299/400: dist 0.26 loss 6.21 
step  300/400: dist 0.26 loss 3.83 
step  301/400: dist 0.26 loss 4.59 
step  302/400: dist 0.26 loss 7.03 
step  303/400: dist 0.26 loss 9.65 
step  304/400: dist 0.25 loss 10.89
step  305/400: dist 0.26 loss 11.50
step  306/400: dist 0.25 loss 13.16
step  307/400: dist 0.25 loss 14.00
step  308/400: dist 0.25 loss 11.38
step  309/400: dist 0.25 loss 7.10 
step  310/400: dist 0.25 loss 4.94 
step  311/400: dist 0.25 loss 5.07 
step  312/400: dist 0.25 loss 4.97 
step  313/400: dist 0.25 loss 4.54 
step  314/400: dist 0.25 loss 4.62 
step  315/400: dist 0.25 loss 3.96 
step  316/400: dist 0.25 loss 2.38 
step  317/400: dist 0.25 loss 2.06 
step  318/400: dist 0.26 loss 2.95 
step  319/400: dist 0.25 loss 2.51 
step  320/400: dist 0.25 loss 1.23 
step  321/400: dist 0.25 loss 1.50 
step  322/400: dist 0.25 loss 2.13 
step  323/400: dist 0.25 loss 1.27 
step  324/400: dist 0.25 loss 0.74 
step  325/400: dist 0.25 loss 1.39 
step  326/400: dist 0.25 loss 1.15 
step  327/400: dist 0.25 loss 0.57 
step  328/400: dist 0.25 loss 0.96 
step  329/400: dist 0.25 loss 0.86 
step  330/400: dist 0.25 loss 0.46 
step  331/400: dist 0.25 loss 0.78 
step  332/400: dist 0.25 loss 0.61 
step  333/400: dist 0.25 loss 0.42 
step  334/400: dist 0.25 loss 0.64 
step  335/400: dist 0.25 loss 0.41 
step  336/400: dist 0.25 loss 0.44 
step  337/400: dist 0.25 loss 0.48 
step  338/400: dist 0.25 loss 0.34 
step  339/400: dist 0.25 loss 0.44 
step  340/400: dist 0.25 loss 0.33 
step  341/400: dist 0.25 loss 0.37 
step  342/400: dist 0.25 loss 0.34 
step  343/400: dist 0.25 loss 0.32 
step  344/400: dist 0.25 loss 0.33 
step  345/400: dist 0.25 loss 0.29 
step  346/400: dist 0.25 loss 0.32 
step  347/400: dist 0.25 loss 0.28 
step  348/400: dist 0.25 loss 0.31 
step  349/400: dist 0.25 loss 0.27 
step  350/400: dist 0.25 loss 0.29 
step  351/400: dist 0.25 loss 0.27 
step  352/400: dist 0.25 loss 0.28 
step  353/400: dist 0.25 loss 0.26 
step  354/400: dist 0.25 loss 0.27 
step  355/400: dist 0.25 loss 0.26 
step  356/400: dist 0.25 loss 0.26 
step  357/400: dist 0.25 loss 0.26 
step  358/400: dist 0.25 loss 0.26 
step  359/400: dist 0.25 loss 0.26 
step  360/400: dist 0.25 loss 0.25 
step  361/400: dist 0.25 loss 0.26 
step  362/400: dist 0.25 loss 0.25 
step  363/400: dist 0.25 loss 0.25 
step  364/400: dist 0.25 loss 0.25 
step  365/400: dist 0.25 loss 0.25 
step  366/400: dist 0.25 loss 0.25 
step  367/400: dist 0.25 loss 0.25 
step  368/400: dist 0.25 loss 0.25 
step  369/400: dist 0.25 loss 0.25 
step  370/400: dist 0.25 loss 0.25 
step  371/400: dist 0.25 loss 0.25 
step  372/400: dist 0.25 loss 0.25 
step  373/400: dist 0.25 loss 0.25 
step  374/400: dist 0.25 loss 0.25 
step  375/400: dist 0.25 loss 0.25 
step  376/400: dist 0.25 loss 0.25 
step  377/400: dist 0.25 loss 0.25 
step  378/400: dist 0.25 loss 0.25 
step  379/400: dist 0.25 loss 0.25 
step  380/400: dist 0.25 loss 0.25 
step  381/400: dist 0.25 loss 0.25 
step  382/400: dist 0.25 loss 0.25 
step  383/400: dist 0.25 loss 0.25 
step  384/400: dist 0.25 loss 0.25 
step  385/400: dist 0.25 loss 0.25 
step  386/400: dist 0.25 loss 0.25 
step  387/400: dist 0.25 loss 0.25 
step  388/400: dist 0.25 loss 0.25 
step  389/400: dist 0.25 loss 0.25 
step  390/400: dist 0.25 loss 0.25 
step  391/400: dist 0.25 loss 0.25 
step  392/400: dist 0.25 loss 0.25 
step  393/400: dist 0.25 loss 0.25 
step  394/400: dist 0.25 loss 0.25 
step  395/400: dist 0.25 loss 0.25 
step  396/400: dist 0.25 loss 0.25 
step  397/400: dist 0.25 loss 0.25 
step  398/400: dist 0.25 loss 0.25 
step  399/400: dist 0.25 loss 0.25 
step  400/400: dist 0.25 loss 0.25 
Elapsed: 124.0 s
[✔] projected_w.npz saved successfully at: /Users/juheon/Desktop/DE_FAKE/capstone/stylegan2-ada-pytorch/InMAC/frame/data/stylegan/d81a99fd-f837-444a-85ac-176392bd7adb/w_candidates/seed791/projected_w.npz
[Seed 8631] Projecting...
[INFO] Using seed: 8631
Loading network from "/Users/juheon/Desktop/DE_FAKE/capstone/stylegan2-ada-pytorch/weights/ffhq.pkl"
Computing W midpoint and stddev using 10000 samples...
step    1/400: dist 0.63 loss 17870.28
step    2/400: dist 0.81 loss 19315.16
step    3/400: dist 0.67 loss 18446.05
step    4/400: dist 0.65 loss 16872.94
step    5/400: dist 0.66 loss 14861.89
step    6/400: dist 0.64 loss 12669.64
step    7/400: dist 0.62 loss 10581.44
step    8/400: dist 0.55 loss 8693.27
step    9/400: dist 0.57 loss 7142.45
step   10/400: dist 0.58 loss 5893.14
step   11/400: dist 0.57 loss 4886.23
step   12/400: dist 0.54 loss 3910.15
step   13/400: dist 0.54 loss 2983.89
step   14/400: dist 0.50 loss 2323.43
step   15/400: dist 0.53 loss 2163.33
step   16/400: dist 0.51 loss 2617.89
step   17/400: dist 0.49 loss 3426.20
step   18/400: dist 0.49 loss 4221.67
step   19/400: dist 0.49 loss 4658.75
step   20/400: dist 0.47 loss 4611.44
step   21/400: dist 0.44 loss 4155.22
step   22/400: dist 0.44 loss 3489.70
step   23/400: dist 0.45 loss 2905.95
step   24/400: dist 0.45 loss 2381.71
step   25/400: dist 0.42 loss 1873.05
step   26/400: dist 0.50 loss 1366.17
step   27/400: dist 0.45 loss 940.93
step   28/400: dist 0.44 loss 595.65
step   29/400: dist 0.42 loss 371.30
step   30/400: dist 0.44 loss 392.50
step   31/400: dist 0.43 loss 551.44
step   32/400: dist 0.42 loss 735.99
step   33/400: dist 0.46 loss 877.81
step   34/400: dist 0.43 loss 906.60
step   35/400: dist 0.42 loss 829.52
step   36/400: dist 0.42 loss 651.78
step   37/400: dist 0.42 loss 459.10
step   38/400: dist 0.41 loss 306.16
step   39/400: dist 0.41 loss 210.77
step   40/400: dist 0.43 loss 165.13
step   41/400: dist 0.43 loss 176.51
step   42/400: dist 0.41 loss 203.89
step   43/400: dist 0.40 loss 238.44
step   44/400: dist 0.39 loss 258.45
step   45/400: dist 0.39 loss 245.07
step   46/400: dist 0.41 loss 219.87
step   47/400: dist 0.40 loss 170.89
step   48/400: dist 0.40 loss 120.06
step   49/400: dist 0.39 loss 80.41
step   50/400: dist 0.41 loss 64.04
step   51/400: dist 0.39 loss 71.90
step   52/400: dist 0.40 loss 92.68
step   53/400: dist 0.39 loss 114.49
step   54/400: dist 0.38 loss 124.80
step   55/400: dist 0.37 loss 118.35
step   56/400: dist 0.38 loss 97.36
step   57/400: dist 0.38 loss 69.86
step   58/400: dist 0.39 loss 45.36
step   59/400: dist 0.41 loss 28.69
step   60/400: dist 0.38 loss 21.49
step   61/400: dist 0.40 loss 22.29
step   62/400: dist 0.37 loss 27.20
step   63/400: dist 0.37 loss 32.18
step   64/400: dist 0.37 loss 35.33
step   65/400: dist 0.37 loss 35.82
step   66/400: dist 0.37 loss 30.53
step   67/400: dist 0.37 loss 22.66
step   68/400: dist 0.37 loss 17.25
step   69/400: dist 0.39 loss 14.46
step   70/400: dist 0.36 loss 14.78
step   71/400: dist 0.35 loss 17.60
step   72/400: dist 0.37 loss 20.52
step   73/400: dist 0.35 loss 22.56
step   74/400: dist 0.36 loss 22.12
step   75/400: dist 0.37 loss 17.35
step   76/400: dist 0.37 loss 10.99
step   77/400: dist 0.36 loss 8.16 
step   78/400: dist 0.34 loss 8.21 
step   79/400: dist 0.35 loss 7.04 
step   80/400: dist 0.36 loss 5.22 
step   81/400: dist 0.34 loss 6.46 
step   82/400: dist 0.36 loss 10.14
step   83/400: dist 0.34 loss 11.45
step   84/400: dist 0.36 loss 9.86 
step   85/400: dist 0.36 loss 9.16 
step   86/400: dist 0.34 loss 10.63
step   87/400: dist 0.35 loss 12.36
step   88/400: dist 0.34 loss 13.06
step   89/400: dist 0.35 loss 13.52
step   90/400: dist 0.34 loss 13.98
step   91/400: dist 0.34 loss 12.92
step   92/400: dist 0.33 loss 11.85
step   93/400: dist 0.35 loss 15.43
step   94/400: dist 0.34 loss 21.00
step   95/400: dist 0.34 loss 21.18
step   96/400: dist 0.35 loss 18.16
step   97/400: dist 0.34 loss 18.62
step   98/400: dist 0.33 loss 17.13
step   99/400: dist 0.34 loss 9.45 
step  100/400: dist 0.33 loss 5.37 
step  101/400: dist 0.33 loss 11.03
step  102/400: dist 0.35 loss 14.53
step  103/400: dist 0.34 loss 8.10 
step  104/400: dist 0.34 loss 3.78 
step  105/400: dist 0.35 loss 8.22 
step  106/400: dist 0.32 loss 10.39
step  107/400: dist 0.32 loss 5.99 
step  108/400: dist 0.34 loss 4.47 
step  109/400: dist 0.33 loss 7.64 
step  110/400: dist 0.33 loss 7.88 
step  111/400: dist 0.34 loss 4.82 
step  112/400: dist 0.33 loss 3.70 
step  113/400: dist 0.34 loss 4.29 
step  114/400: dist 0.35 loss 4.01 
step  115/400: dist 0.33 loss 4.02 
step  116/400: dist 0.33 loss 5.46 
step  117/400: dist 0.33 loss 6.37 
step  118/400: dist 0.35 loss 5.23 
step  119/400: dist 0.33 loss 3.31 
step  120/400: dist 0.33 loss 2.61 
step  121/400: dist 0.33 loss 3.04 
step  122/400: dist 0.32 loss 3.26 
step  123/400: dist 0.32 loss 2.65 
step  124/400: dist 0.32 loss 2.39 
step  125/400: dist 0.32 loss 3.52 
step  126/400: dist 0.33 loss 5.22 
step  127/400: dist 0.34 loss 6.40 
step  128/400: dist 0.33 loss 7.36 
step  129/400: dist 0.33 loss 8.45 
step  130/400: dist 0.32 loss 8.63 
step  131/400: dist 0.34 loss 8.30 
step  132/400: dist 0.33 loss 10.15
step  133/400: dist 0.33 loss 15.21
step  134/400: dist 0.33 loss 18.97
step  135/400: dist 0.31 loss 17.30
step  136/400: dist 0.31 loss 15.25
step  137/400: dist 0.33 loss 21.44
step  138/400: dist 0.32 loss 29.63
step  139/400: dist 0.32 loss 28.16
step  140/400: dist 0.31 loss 21.57
step  141/400: dist 0.32 loss 15.03
step  142/400: dist 0.31 loss 11.91
step  143/400: dist 0.33 loss 14.09
step  144/400: dist 0.32 loss 15.26
step  145/400: dist 0.31 loss 9.25 
step  146/400: dist 0.31 loss 6.40 
step  147/400: dist 0.31 loss 11.53
step  148/400: dist 0.31 loss 11.09
step  149/400: dist 0.31 loss 7.29 
step  150/400: dist 0.31 loss 13.14
step  151/400: dist 0.31 loss 19.26
step  152/400: dist 0.31 loss 16.26
step  153/400: dist 0.31 loss 11.32
step  154/400: dist 0.31 loss 6.84 
step  155/400: dist 0.31 loss 5.19 
step  156/400: dist 0.31 loss 9.32 
step  157/400: dist 0.31 loss 9.39 
step  158/400: dist 0.31 loss 3.35 
step  159/400: dist 0.30 loss 4.05 
step  160/400: dist 0.30 loss 7.58 
step  161/400: dist 0.31 loss 4.11 
step  162/400: dist 0.31 loss 2.02 
step  163/400: dist 0.31 loss 5.20 
step  164/400: dist 0.31 loss 4.82 
step  165/400: dist 0.31 loss 2.52 
step  166/400: dist 0.30 loss 4.52 
step  167/400: dist 0.30 loss 7.46 
step  168/400: dist 0.30 loss 10.03
step  169/400: dist 0.30 loss 16.22
step  170/400: dist 0.31 loss 22.42
step  171/400: dist 0.30 loss 20.19
step  172/400: dist 0.30 loss 12.36
step  173/400: dist 0.30 loss 11.23
step  174/400: dist 0.30 loss 17.07
step  175/400: dist 0.30 loss 16.73
step  176/400: dist 0.30 loss 7.37 
step  177/400: dist 0.30 loss 2.75 
step  178/400: dist 0.30 loss 8.53 
step  179/400: dist 0.30 loss 12.48
step  180/400: dist 0.30 loss 8.10 
step  181/400: dist 0.30 loss 5.67 
step  182/400: dist 0.30 loss 10.68
step  183/400: dist 0.30 loss 14.45
step  184/400: dist 0.30 loss 12.44
step  185/400: dist 0.30 loss 10.17
step  186/400: dist 0.30 loss 10.59
step  187/400: dist 0.30 loss 13.07
step  188/400: dist 0.30 loss 19.55
step  189/400: dist 0.29 loss 28.87
step  190/400: dist 0.30 loss 33.03
step  191/400: dist 0.29 loss 26.33
step  192/400: dist 0.29 loss 13.54
step  193/400: dist 0.29 loss 6.00 
step  194/400: dist 0.30 loss 9.96 
step  195/400: dist 0.29 loss 16.46
step  196/400: dist 0.29 loss 13.62
step  197/400: dist 0.29 loss 5.50 
step  198/400: dist 0.29 loss 5.15 
step  199/400: dist 0.29 loss 10.53
step  200/400: dist 0.29 loss 10.08
step  201/400: dist 0.29 loss 6.03 
step  202/400: dist 0.29 loss 7.57 
step  203/400: dist 0.29 loss 11.62
step  204/400: dist 0.29 loss 12.47
step  205/400: dist 0.29 loss 13.71
step  206/400: dist 0.29 loss 18.02
step  207/400: dist 0.29 loss 21.24
step  208/400: dist 0.29 loss 20.22
step  209/400: dist 0.29 loss 16.11
step  210/400: dist 0.29 loss 11.58
step  211/400: dist 0.29 loss 9.06 
step  212/400: dist 0.29 loss 8.75 
step  213/400: dist 0.28 loss 7.76 
step  214/400: dist 0.29 loss 6.39 
step  215/400: dist 0.28 loss 7.83 
step  216/400: dist 0.28 loss 8.83 
step  217/400: dist 0.29 loss 5.53 
step  218/400: dist 0.28 loss 3.40 
step  219/400: dist 0.28 loss 6.80 
step  220/400: dist 0.28 loss 9.38 
step  221/400: dist 0.28 loss 7.14 
step  222/400: dist 0.28 loss 6.27 
step  223/400: dist 0.28 loss 9.30 
step  224/400: dist 0.28 loss 10.46
step  225/400: dist 0.28 loss 8.58 
step  226/400: dist 0.28 loss 7.97 
step  227/400: dist 0.28 loss 7.95 
step  228/400: dist 0.28 loss 5.45 
step  229/400: dist 0.28 loss 3.00 
step  230/400: dist 0.28 loss 3.65 
step  231/400: dist 0.28 loss 5.32 
step  232/400: dist 0.28 loss 5.17 
step  233/400: dist 0.28 loss 3.42 
step  234/400: dist 0.28 loss 1.86 
step  235/400: dist 0.28 loss 1.85 
step  236/400: dist 0.28 loss 3.35 
step  237/400: dist 0.28 loss 4.64 
step  238/400: dist 0.28 loss 4.40 
step  239/400: dist 0.28 loss 4.16 
step  240/400: dist 0.28 loss 6.29 
step  241/400: dist 0.27 loss 10.47
step  242/400: dist 0.27 loss 14.01
step  243/400: dist 0.27 loss 14.86
step  244/400: dist 0.27 loss 13.67
step  245/400: dist 0.27 loss 14.09
step  246/400: dist 0.27 loss 18.16
step  247/400: dist 0.27 loss 22.70
step  248/400: dist 0.27 loss 25.75
step  249/400: dist 0.27 loss 27.06
step  250/400: dist 0.27 loss 21.06
step  251/400: dist 0.27 loss 10.48
step  252/400: dist 0.27 loss 9.80 
step  253/400: dist 0.27 loss 15.59
step  254/400: dist 0.27 loss 12.05
step  255/400: dist 0.27 loss 4.57 
step  256/400: dist 0.27 loss 8.27 
step  257/400: dist 0.27 loss 11.66
step  258/400: dist 0.27 loss 4.67 
step  259/400: dist 0.27 loss 3.11 
step  260/400: dist 0.27 loss 8.62 
step  261/400: dist 0.27 loss 5.77 
step  262/400: dist 0.27 loss 1.50 
step  263/400: dist 0.27 loss 5.00 
step  264/400: dist 0.27 loss 5.11 
step  265/400: dist 0.27 loss 1.49 
step  266/400: dist 0.27 loss 3.26 
step  267/400: dist 0.27 loss 4.30 
step  268/400: dist 0.27 loss 1.63 
step  269/400: dist 0.27 loss 2.36 
step  270/400: dist 0.27 loss 4.04 
step  271/400: dist 0.27 loss 3.29 
step  272/400: dist 0.27 loss 4.51 
step  273/400: dist 0.27 loss 7.22 
step  274/400: dist 0.27 loss 9.51 
step  275/400: dist 0.27 loss 12.66
step  276/400: dist 0.26 loss 12.88
step  277/400: dist 0.27 loss 6.99 
step  278/400: dist 0.27 loss 1.92 
step  279/400: dist 0.27 loss 2.31 
step  280/400: dist 0.27 loss 5.00 
step  281/400: dist 0.27 loss 6.34 
step  282/400: dist 0.26 loss 4.47 
step  283/400: dist 0.27 loss 1.84 
step  284/400: dist 0.26 loss 2.99 
step  285/400: dist 0.26 loss 6.14 
step  286/400: dist 0.26 loss 6.53 
step  287/400: dist 0.26 loss 5.76 
step  288/400: dist 0.26 loss 7.39 
step  289/400: dist 0.26 loss 9.11 
step  290/400: dist 0.26 loss 7.71 
step  291/400: dist 0.26 loss 5.74 
step  292/400: dist 0.26 loss 7.38 
step  293/400: dist 0.26 loss 12.68
step  294/400: dist 0.26 loss 17.98
step  295/400: dist 0.26 loss 19.72
step  296/400: dist 0.26 loss 16.92
step  297/400: dist 0.26 loss 12.11
step  298/400: dist 0.26 loss 10.64
step  299/400: dist 0.26 loss 14.89
step  300/400: dist 0.26 loss 19.79
step  301/400: dist 0.26 loss 16.94
step  302/400: dist 0.26 loss 7.86 
step  303/400: dist 0.26 loss 3.63 
step  304/400: dist 0.26 loss 9.05 
step  305/400: dist 0.26 loss 16.40
step  306/400: dist 0.26 loss 18.23
step  307/400: dist 0.26 loss 18.65
step  308/400: dist 0.26 loss 22.91
step  309/400: dist 0.26 loss 24.38
step  310/400: dist 0.26 loss 15.88
step  311/400: dist 0.26 loss 5.41 
step  312/400: dist 0.26 loss 4.87 
step  313/400: dist 0.26 loss 10.31
step  314/400: dist 0.26 loss 10.29
step  315/400: dist 0.26 loss 5.32 
step  316/400: dist 0.26 loss 3.57 
step  317/400: dist 0.26 loss 5.46 
step  318/400: dist 0.26 loss 5.45 
step  319/400: dist 0.26 loss 3.27 
step  320/400: dist 0.26 loss 2.62 
step  321/400: dist 0.26 loss 3.44 
step  322/400: dist 0.26 loss 2.95 
step  323/400: dist 0.26 loss 1.79 
step  324/400: dist 0.26 loss 2.12 
step  325/400: dist 0.26 loss 2.28 
step  326/400: dist 0.26 loss 1.30 
step  327/400: dist 0.26 loss 1.43 
step  328/400: dist 0.26 loss 1.69 
step  329/400: dist 0.26 loss 0.90 
step  330/400: dist 0.26 loss 1.14 
step  331/400: dist 0.26 loss 1.19 
step  332/400: dist 0.26 loss 0.61 
step  333/400: dist 0.26 loss 1.03 
step  334/400: dist 0.26 loss 0.72 
step  335/400: dist 0.26 loss 0.58 
step  336/400: dist 0.26 loss 0.82 
step  337/400: dist 0.26 loss 0.41 
step  338/400: dist 0.26 loss 0.68 
step  339/400: dist 0.26 loss 0.45 
step  340/400: dist 0.26 loss 0.48 
step  341/400: dist 0.26 loss 0.50 
step  342/400: dist 0.26 loss 0.36 
step  343/400: dist 0.26 loss 0.48 
step  344/400: dist 0.26 loss 0.32 
step  345/400: dist 0.26 loss 0.44 
step  346/400: dist 0.26 loss 0.30 
step  347/400: dist 0.26 loss 0.40 
step  348/400: dist 0.26 loss 0.29 
step  349/400: dist 0.26 loss 0.36 
step  350/400: dist 0.25 loss 0.28 
step  351/400: dist 0.25 loss 0.34 
step  352/400: dist 0.25 loss 0.28 
step  353/400: dist 0.25 loss 0.31 
step  354/400: dist 0.25 loss 0.28 
step  355/400: dist 0.25 loss 0.29 
step  356/400: dist 0.25 loss 0.29 
step  357/400: dist 0.25 loss 0.27 
step  358/400: dist 0.25 loss 0.29 
step  359/400: dist 0.25 loss 0.26 
step  360/400: dist 0.25 loss 0.27 
step  361/400: dist 0.25 loss 0.27 
step  362/400: dist 0.25 loss 0.26 
step  363/400: dist 0.25 loss 0.27 
step  364/400: dist 0.25 loss 0.26 
step  365/400: dist 0.25 loss 0.26 
step  366/400: dist 0.25 loss 0.26 
step  367/400: dist 0.25 loss 0.26 
step  368/400: dist 0.25 loss 0.26 
step  369/400: dist 0.25 loss 0.26 
step  370/400: dist 0.25 loss 0.26 
step  371/400: dist 0.25 loss 0.26 
step  372/400: dist 0.25 loss 0.26 
step  373/400: dist 0.25 loss 0.26 
step  374/400: dist 0.25 loss 0.26 
step  375/400: dist 0.25 loss 0.25 
step  376/400: dist 0.25 loss 0.26 
step  377/400: dist 0.25 loss 0.26 
step  378/400: dist 0.25 loss 0.25 
step  379/400: dist 0.25 loss 0.25 
step  380/400: dist 0.25 loss 0.25 
step  381/400: dist 0.25 loss 0.25 
step  382/400: dist 0.25 loss 0.25 
step  383/400: dist 0.25 loss 0.25 
step  384/400: dist 0.25 loss 0.25 
step  385/400: dist 0.25 loss 0.25 
step  386/400: dist 0.25 loss 0.25 
step  387/400: dist 0.25 loss 0.25 
step  388/400: dist 0.25 loss 0.25 
step  389/400: dist 0.25 loss 0.25 
step  390/400: dist 0.25 loss 0.25 
step  391/400: dist 0.25 loss 0.25 
step  392/400: dist 0.25 loss 0.25 
step  393/400: dist 0.25 loss 0.25 
step  394/400: dist 0.25 loss 0.25 
step  395/400: dist 0.25 loss 0.25 
step  396/400: dist 0.25 loss 0.25 
step  397/400: dist 0.25 loss 0.25 
step  398/400: dist 0.25 loss 0.25 
step  399/400: dist 0.25 loss 0.25 
step  400/400: dist 0.25 loss 0.25 
Elapsed: 124.3 s
[✔] projected_w.npz saved successfully at: /Users/juheon/Desktop/DE_FAKE/capstone/stylegan2-ada-pytorch/InMAC/frame/data/stylegan/d81a99fd-f837-444a-85ac-176392bd7adb/w_candidates/seed8631/projected_w.npz
[Step 2] Finding closest W...
[INFO] Loading LPIPS model on device mps...
[INFO] Loading target image: /Users/juheon/Desktop/DE_FAKE/capstone/stylegan2-ada-pytorch/InMAC/frame/data/stylegan/d81a99fd-f837-444a-85ac-176392bd7adb/input/asd.jpg
[INFO] Searching in directory: /Users/juheon/Desktop/DE_FAKE/capstone/stylegan2-ada-pytorch/InMAC/frame/data/stylegan/d81a99fd-f837-444a-85ac-176392bd7adb/w_candidates
[INFO] Saving closest w to /Users/juheon/Desktop/DE_FAKE/capstone/stylegan2-ada-pytorch/InMAC/frame/data/stylegan/d81a99fd-f837-444a-85ac-176392bd7adb/closest_w.npz
[Step 2.5] Refining selected W...
Computing W midpoint and stddev using 10000 samples...
Step 1/200 | Loss: 4584.0054
Step 11/200 | Loss: 653.7521
Step 21/200 | Loss: 241.9689
Step 31/200 | Loss: 88.7293
Step 41/200 | Loss: 27.9457
Step 51/200 | Loss: 5.4273
Step 61/200 | Loss: 0.6611
Step 71/200 | Loss: 0.1735
Step 81/200 | Loss: 0.1921
Step 91/200 | Loss: 0.1655
Step 101/200 | Loss: 0.1536
Step 111/200 | Loss: 0.1524
Step 121/200 | Loss: 0.1741
Step 131/200 | Loss: 0.1815
Step 141/200 | Loss: 0.1480
Step 151/200 | Loss: 0.1447
Step 161/200 | Loss: 0.1660
Step 171/200 | Loss: 0.1591
Step 181/200 | Loss: 0.1700
Step 191/200 | Loss: 0.1606
Step 200/200 | Loss: 0.1559
Saving video (raw): /Users/juheon/Desktop/DE_FAKE/capstone/stylegan2-ada-pytorch/InMAC/frame/data/stylegan/d81a99fd-f837-444a-85ac-176392bd7adb/refined/refine_raw.mp4
Re-encoding video to H.264 for browser compatibility...
[Step 3] Generating image with FGSM...
Loading network from /Users/juheon/Desktop/DE_FAKE/capstone/stylegan2-ada-pytorch/weights/ffhq.pkl
FGSM image and latent saved to /Users/juheon/Desktop/DE_FAKE/capstone/stylegan2-ada-pytorch/InMAC/frame/data/stylegan/d81a99fd-f837-444a-85ac-176392bd7adb
Output saved in /Users/juheon/Desktop/DE_FAKE/capstone/stylegan2-ada-pytorch/InMAC/frame/data/stylegan/d81a99fd-f837-444a-85ac-176392bd7adb
