=== STDOUT ===
[Seed 5502] Projecting...
[INFO] Using seed: 5502
Loading network from "/Users/juheon/Desktop/DE_FAKE/capstone/stylegan2-ada-pytorch/weights/ffhq.pkl"
Computing W midpoint and stddev using 10000 samples...
step    1/400: dist 0.73 loss 5902.59
step    2/400: dist 0.64 loss 5758.53
step    3/400: dist 0.69 loss 5166.94
step    4/400: dist 0.67 loss 4146.67
step    5/400: dist 0.66 loss 2977.78
step    6/400: dist 0.65 loss 1885.65
step    7/400: dist 0.66 loss 1105.61
step    8/400: dist 0.66 loss 783.01
step    9/400: dist 0.64 loss 949.06
step   10/400: dist 0.66 loss 1499.38
step   11/400: dist 0.59 loss 2207.52
step   12/400: dist 0.60 loss 2630.57
step   13/400: dist 0.59 loss 2602.67
step   14/400: dist 0.61 loss 2260.19
step   15/400: dist 0.58 loss 1871.98
step   16/400: dist 0.57 loss 1580.48
step   17/400: dist 0.54 loss 1376.92
step   18/400: dist 0.57 loss 1226.64
step   19/400: dist 0.57 loss 1068.31
step   20/400: dist 0.56 loss 930.29
step   21/400: dist 0.56 loss 852.17
step   22/400: dist 0.54 loss 854.67
step   23/400: dist 0.54 loss 867.15
step   24/400: dist 0.56 loss 919.22
step   25/400: dist 0.54 loss 913.50
step   26/400: dist 0.52 loss 788.00
step   27/400: dist 0.52 loss 593.56
step   28/400: dist 0.51 loss 444.27
step   29/400: dist 0.52 loss 342.30
step   30/400: dist 0.52 loss 296.94
step   31/400: dist 0.51 loss 304.88
step   32/400: dist 0.53 loss 338.64
step   33/400: dist 0.52 loss 355.52
step   34/400: dist 0.51 loss 350.56
step   35/400: dist 0.51 loss 325.63
step   36/400: dist 0.52 loss 287.82
step   37/400: dist 0.51 loss 244.85
step   38/400: dist 0.54 loss 192.91
step   39/400: dist 0.50 loss 111.38
step   40/400: dist 0.50 loss 57.65
step   41/400: dist 0.51 loss 66.30
step   42/400: dist 0.52 loss 106.17
step   43/400: dist 0.48 loss 146.47
step   44/400: dist 0.48 loss 168.45
step   45/400: dist 0.48 loss 147.20
step   46/400: dist 0.47 loss 102.00
step   47/400: dist 0.52 loss 65.81
step   48/400: dist 0.49 loss 53.12
step   49/400: dist 0.50 loss 53.32
step   50/400: dist 0.49 loss 52.81
step   51/400: dist 0.49 loss 49.82
step   52/400: dist 0.51 loss 44.39
step   53/400: dist 0.49 loss 38.82
step   54/400: dist 0.49 loss 38.28
step   55/400: dist 0.47 loss 44.18
step   56/400: dist 0.48 loss 46.61
step   57/400: dist 0.48 loss 43.88
step   58/400: dist 0.47 loss 37.04
step   59/400: dist 0.49 loss 23.12
step   60/400: dist 0.52 loss 10.90
step   61/400: dist 0.49 loss 14.29
step   62/400: dist 0.48 loss 22.51
step   63/400: dist 0.46 loss 21.98
step   64/400: dist 0.47 loss 22.45
step   65/400: dist 0.45 loss 23.70
step   66/400: dist 0.46 loss 18.37
step   67/400: dist 0.45 loss 13.99
step   68/400: dist 0.45 loss 14.12
step   69/400: dist 0.48 loss 13.08
step   70/400: dist 0.48 loss 14.27
step   71/400: dist 0.47 loss 18.96
step   72/400: dist 0.46 loss 20.67
step   73/400: dist 0.44 loss 18.54
step   74/400: dist 0.45 loss 15.16
step   75/400: dist 0.45 loss 10.87
step   76/400: dist 0.43 loss 8.65 
step   77/400: dist 0.44 loss 10.29
step   78/400: dist 0.45 loss 11.13
step   79/400: dist 0.45 loss 9.93 
step   80/400: dist 0.48 loss 10.80
step   81/400: dist 0.48 loss 12.47
step   82/400: dist 0.48 loss 11.17
step   83/400: dist 0.48 loss 9.20 
step   84/400: dist 0.49 loss 9.58 
step   85/400: dist 0.47 loss 9.65 
step   86/400: dist 0.46 loss 7.62 
step   87/400: dist 0.44 loss 5.24 
step   88/400: dist 0.45 loss 4.25 
step   89/400: dist 0.46 loss 4.55 
step   90/400: dist 0.45 loss 5.19 
step   91/400: dist 0.44 loss 5.40 
step   92/400: dist 0.44 loss 4.94 
step   93/400: dist 0.44 loss 4.38 
step   94/400: dist 0.45 loss 3.97 
step   95/400: dist 0.44 loss 4.05 
step   96/400: dist 0.43 loss 5.68 
step   97/400: dist 0.44 loss 8.99 
step   98/400: dist 0.43 loss 11.36
step   99/400: dist 0.43 loss 8.50 
step  100/400: dist 0.42 loss 2.83 
step  101/400: dist 0.42 loss 2.12 
step  102/400: dist 0.42 loss 5.69 
step  103/400: dist 0.42 loss 6.16 
step  104/400: dist 0.42 loss 2.99 
step  105/400: dist 0.42 loss 2.69 
step  106/400: dist 0.42 loss 4.70 
step  107/400: dist 0.41 loss 3.53 
step  108/400: dist 0.41 loss 1.13 
step  109/400: dist 0.42 loss 2.00 
step  110/400: dist 0.42 loss 3.49 
step  111/400: dist 0.41 loss 2.87 
step  112/400: dist 0.40 loss 3.27 
step  113/400: dist 0.41 loss 6.38 
step  114/400: dist 0.41 loss 9.85 
step  115/400: dist 0.41 loss 12.42
step  116/400: dist 0.42 loss 11.78
step  117/400: dist 0.41 loss 7.03 
step  118/400: dist 0.41 loss 6.31 
step  119/400: dist 0.41 loss 14.29
step  120/400: dist 0.40 loss 22.32
step  121/400: dist 0.40 loss 20.38
step  122/400: dist 0.40 loss 12.82
step  123/400: dist 0.40 loss 13.38
step  124/400: dist 0.40 loss 22.82
step  125/400: dist 0.41 loss 30.55
step  126/400: dist 0.40 loss 32.61
step  127/400: dist 0.41 loss 29.01
step  128/400: dist 0.40 loss 17.72
step  129/400: dist 0.39 loss 8.48 
step  130/400: dist 0.39 loss 13.58
step  131/400: dist 0.39 loss 21.61
step  132/400: dist 0.40 loss 15.62
step  133/400: dist 0.39 loss 8.78 
step  134/400: dist 0.39 loss 15.53
step  135/400: dist 0.39 loss 19.81
step  136/400: dist 0.38 loss 14.37
step  137/400: dist 0.39 loss 15.25
step  138/400: dist 0.40 loss 19.76
step  139/400: dist 0.39 loss 13.98
step  140/400: dist 0.39 loss 7.85 
step  141/400: dist 0.38 loss 11.24
step  142/400: dist 0.39 loss 13.01
step  143/400: dist 0.38 loss 8.84 
step  144/400: dist 0.39 loss 6.81 
step  145/400: dist 0.40 loss 7.98 
step  146/400: dist 0.39 loss 7.03 
step  147/400: dist 0.39 loss 4.31 
step  148/400: dist 0.39 loss 3.91 
step  149/400: dist 0.39 loss 5.95 
step  150/400: dist 0.38 loss 6.21 
step  151/400: dist 0.38 loss 3.63 
step  152/400: dist 0.38 loss 2.35 
step  153/400: dist 0.38 loss 3.54 
step  154/400: dist 0.38 loss 3.80 
step  155/400: dist 0.39 loss 2.84 
step  156/400: dist 0.38 loss 2.97 
step  157/400: dist 0.39 loss 3.51 
step  158/400: dist 0.38 loss 3.39 
step  159/400: dist 0.37 loss 4.32 
step  160/400: dist 0.37 loss 6.82 
step  161/400: dist 0.38 loss 9.92 
step  162/400: dist 0.37 loss 14.03
step  163/400: dist 0.38 loss 17.71
step  164/400: dist 0.38 loss 15.63
step  165/400: dist 0.37 loss 8.59 
step  166/400: dist 0.37 loss 4.49 
step  167/400: dist 0.38 loss 5.88 
step  168/400: dist 0.38 loss 8.26 
step  169/400: dist 0.37 loss 9.23 
step  170/400: dist 0.37 loss 12.43
step  171/400: dist 0.38 loss 19.43
step  172/400: dist 0.37 loss 23.27
step  173/400: dist 0.37 loss 14.81
step  174/400: dist 0.37 loss 4.25 
step  175/400: dist 0.37 loss 8.54 
step  176/400: dist 0.37 loss 15.85
step  177/400: dist 0.37 loss 10.51
step  178/400: dist 0.36 loss 7.98 
step  179/400: dist 0.37 loss 17.85
step  180/400: dist 0.37 loss 18.73
step  181/400: dist 0.37 loss 7.71 
step  182/400: dist 0.36 loss 4.98 
step  183/400: dist 0.37 loss 7.79 
step  184/400: dist 0.37 loss 7.80 
step  185/400: dist 0.36 loss 10.11
step  186/400: dist 0.37 loss 10.25
step  187/400: dist 0.37 loss 8.46 
step  188/400: dist 0.37 loss 13.79
step  189/400: dist 0.37 loss 16.83
step  190/400: dist 0.37 loss 9.53 
step  191/400: dist 0.37 loss 4.23 
step  192/400: dist 0.36 loss 5.89 
step  193/400: dist 0.36 loss 8.97 
step  194/400: dist 0.36 loss 11.17
step  195/400: dist 0.36 loss 10.09
step  196/400: dist 0.37 loss 8.99 
step  197/400: dist 0.36 loss 12.48
step  198/400: dist 0.36 loss 14.08
step  199/400: dist 0.36 loss 9.45 
step  200/400: dist 0.36 loss 4.09 
step  201/400: dist 0.36 loss 2.59 
step  202/400: dist 0.36 loss 5.17 
step  203/400: dist 0.36 loss 9.07 
step  204/400: dist 0.37 loss 10.45
step  205/400: dist 0.36 loss 12.17
step  206/400: dist 0.36 loss 18.75
step  207/400: dist 0.36 loss 22.26
step  208/400: dist 0.36 loss 13.55
step  209/400: dist 0.36 loss 4.00 
step  210/400: dist 0.36 loss 6.71 
step  211/400: dist 0.36 loss 13.45
step  212/400: dist 0.36 loss 12.78
step  213/400: dist 0.36 loss 11.85
step  214/400: dist 0.36 loss 20.45
step  215/400: dist 0.35 loss 28.22
step  216/400: dist 0.35 loss 20.24
step  217/400: dist 0.35 loss 5.82 
step  218/400: dist 0.35 loss 5.94 
step  219/400: dist 0.35 loss 14.12
step  220/400: dist 0.35 loss 11.85
step  221/400: dist 0.35 loss 3.89 
step  222/400: dist 0.36 loss 5.79 
step  223/400: dist 0.36 loss 10.04
step  224/400: dist 0.35 loss 5.44 
step  225/400: dist 0.35 loss 2.65 
step  226/400: dist 0.35 loss 6.69 
step  227/400: dist 0.35 loss 5.75 
step  228/400: dist 0.35 loss 1.76 
step  229/400: dist 0.35 loss 3.82 
step  230/400: dist 0.35 loss 5.04 
step  231/400: dist 0.35 loss 1.97 
step  232/400: dist 0.36 loss 2.24 
step  233/400: dist 0.35 loss 3.75 
step  234/400: dist 0.35 loss 2.10 
step  235/400: dist 0.36 loss 2.04 
step  236/400: dist 0.36 loss 3.94 
step  237/400: dist 0.36 loss 5.10 
step  238/400: dist 0.35 loss 9.37 
step  239/400: dist 0.35 loss 15.18
step  240/400: dist 0.36 loss 12.26
step  241/400: dist 0.36 loss 3.62 
step  242/400: dist 0.36 loss 5.08 
step  243/400: dist 0.35 loss 11.96
step  244/400: dist 0.35 loss 11.56
step  245/400: dist 0.36 loss 11.51
step  246/400: dist 0.35 loss 19.29
step  247/400: dist 0.35 loss 22.70
step  248/400: dist 0.35 loss 17.43
step  249/400: dist 0.36 loss 15.91
step  250/400: dist 0.36 loss 18.44
step  251/400: dist 0.35 loss 17.72
step  252/400: dist 0.35 loss 13.97
step  253/400: dist 0.35 loss 7.95 
step  254/400: dist 0.35 loss 4.36 
step  255/400: dist 0.36 loss 10.66
step  256/400: dist 0.35 loss 17.93
step  257/400: dist 0.34 loss 15.36
step  258/400: dist 0.35 loss 13.24
step  259/400: dist 0.35 loss 18.97
step  260/400: dist 0.35 loss 23.63
step  261/400: dist 0.34 loss 24.18
step  262/400: dist 0.35 loss 24.01
step  263/400: dist 0.35 loss 19.44
step  264/400: dist 0.35 loss 11.53
step  265/400: dist 0.35 loss 10.37
step  266/400: dist 0.35 loss 13.15
step  267/400: dist 0.35 loss 10.67
step  268/400: dist 0.35 loss 6.34 
step  269/400: dist 0.34 loss 8.66 
step  270/400: dist 0.34 loss 10.37
step  271/400: dist 0.34 loss 4.90 
step  272/400: dist 0.34 loss 3.34 
step  273/400: dist 0.34 loss 8.01 
step  274/400: dist 0.34 loss 6.95 
step  275/400: dist 0.34 loss 4.15 
step  276/400: dist 0.34 loss 8.80 
step  277/400: dist 0.34 loss 13.48
step  278/400: dist 0.34 loss 16.40
step  279/400: dist 0.34 loss 24.15
step  280/400: dist 0.34 loss 29.74
step  281/400: dist 0.34 loss 27.11
step  282/400: dist 0.34 loss 20.50
step  283/400: dist 0.34 loss 11.48
step  284/400: dist 0.34 loss 8.32 
step  285/400: dist 0.34 loss 14.91
step  286/400: dist 0.34 loss 15.96
step  287/400: dist 0.34 loss 8.25 
step  288/400: dist 0.34 loss 10.72
step  289/400: dist 0.34 loss 21.82
step  290/400: dist 0.34 loss 23.82
step  291/400: dist 0.34 loss 22.91
step  292/400: dist 0.34 loss 28.71
step  293/400: dist 0.34 loss 30.10
step  294/400: dist 0.34 loss 25.10
step  295/400: dist 0.34 loss 21.09
step  296/400: dist 0.34 loss 16.99
step  297/400: dist 0.34 loss 12.75
step  298/400: dist 0.34 loss 13.76
step  299/400: dist 0.34 loss 13.93
step  300/400: dist 0.34 loss 8.75 
step  301/400: dist 0.34 loss 8.58 
step  302/400: dist 0.33 loss 11.02
step  303/400: dist 0.34 loss 7.87 
step  304/400: dist 0.34 loss 7.65 
step  305/400: dist 0.33 loss 11.09
step  306/400: dist 0.34 loss 8.29 
step  307/400: dist 0.34 loss 7.21 
step  308/400: dist 0.33 loss 13.30
step  309/400: dist 0.34 loss 14.11
step  310/400: dist 0.33 loss 10.52
step  311/400: dist 0.33 loss 9.55 
step  312/400: dist 0.34 loss 5.30 
step  313/400: dist 0.33 loss 1.55 
step  314/400: dist 0.33 loss 5.64 
step  315/400: dist 0.34 loss 7.33 
step  316/400: dist 0.33 loss 3.01 
step  317/400: dist 0.33 loss 1.93 
step  318/400: dist 0.33 loss 3.36 
step  319/400: dist 0.33 loss 3.40 
step  320/400: dist 0.33 loss 2.34 
step  321/400: dist 0.33 loss 1.34 
step  322/400: dist 0.33 loss 2.33 
step  323/400: dist 0.33 loss 2.27 
step  324/400: dist 0.33 loss 0.83 
step  325/400: dist 0.33 loss 1.56 
step  326/400: dist 0.33 loss 1.59 
step  327/400: dist 0.33 loss 0.89 
step  328/400: dist 0.33 loss 1.14 
step  329/400: dist 0.34 loss 0.97 
step  330/400: dist 0.33 loss 0.94 
step  331/400: dist 0.33 loss 0.76 
step  332/400: dist 0.33 loss 0.81 
step  333/400: dist 0.33 loss 0.73 
step  334/400: dist 0.33 loss 0.60 
step  335/400: dist 0.33 loss 0.72 
step  336/400: dist 0.33 loss 0.50 
step  337/400: dist 0.33 loss 0.64 
step  338/400: dist 0.33 loss 0.47 
step  339/400: dist 0.33 loss 0.55 
step  340/400: dist 0.33 loss 0.46 
step  341/400: dist 0.33 loss 0.48 
step  342/400: dist 0.33 loss 0.44 
step  343/400: dist 0.33 loss 0.44 
step  344/400: dist 0.33 loss 0.42 
step  345/400: dist 0.33 loss 0.42 
step  346/400: dist 0.33 loss 0.40 
step  347/400: dist 0.33 loss 0.40 
step  348/400: dist 0.33 loss 0.38 
step  349/400: dist 0.33 loss 0.38 
step  350/400: dist 0.33 loss 0.37 
step  351/400: dist 0.33 loss 0.37 
step  352/400: dist 0.33 loss 0.36 
step  353/400: dist 0.33 loss 0.36 
step  354/400: dist 0.33 loss 0.36 
step  355/400: dist 0.33 loss 0.35 
step  356/400: dist 0.33 loss 0.35 
step  357/400: dist 0.33 loss 0.34 
step  358/400: dist 0.33 loss 0.34 
step  359/400: dist 0.33 loss 0.34 
step  360/400: dist 0.33 loss 0.33 
step  361/400: dist 0.33 loss 0.34 
step  362/400: dist 0.33 loss 0.34 
step  363/400: dist 0.33 loss 0.33 
step  364/400: dist 0.33 loss 0.34 
step  365/400: dist 0.33 loss 0.33 
step  366/400: dist 0.33 loss 0.33 
step  367/400: dist 0.33 loss 0.33 
step  368/400: dist 0.33 loss 0.33 
step  369/400: dist 0.33 loss 0.33 
step  370/400: dist 0.33 loss 0.33 
step  371/400: dist 0.33 loss 0.33 
step  372/400: dist 0.33 loss 0.33 
step  373/400: dist 0.33 loss 0.33 
step  374/400: dist 0.33 loss 0.33 
step  375/400: dist 0.33 loss 0.33 
step  376/400: dist 0.33 loss 0.33 
step  377/400: dist 0.33 loss 0.33 
step  378/400: dist 0.33 loss 0.33 
step  379/400: dist 0.33 loss 0.33 
step  380/400: dist 0.33 loss 0.33 
step  381/400: dist 0.32 loss 0.33 
step  382/400: dist 0.32 loss 0.33 
step  383/400: dist 0.32 loss 0.33 
step  384/400: dist 0.32 loss 0.33 
step  385/400: dist 0.32 loss 0.33 
step  386/400: dist 0.32 loss 0.33 
step  387/400: dist 0.32 loss 0.32 
step  388/400: dist 0.32 loss 0.32 
step  389/400: dist 0.32 loss 0.32 
step  390/400: dist 0.32 loss 0.32 
step  391/400: dist 0.32 loss 0.32 
step  392/400: dist 0.32 loss 0.32 
step  393/400: dist 0.32 loss 0.32 
step  394/400: dist 0.32 loss 0.32 
step  395/400: dist 0.32 loss 0.32 
step  396/400: dist 0.32 loss 0.32 
step  397/400: dist 0.32 loss 0.32 
step  398/400: dist 0.32 loss 0.32 
step  399/400: dist 0.32 loss 0.32 
step  400/400: dist 0.32 loss 0.32 
Elapsed: 125.2 s
[✔] projected_w.npz saved successfully at: /Users/juheon/Desktop/DE_FAKE/capstone/stylegan2-ada-pytorch/InMAC/frame/data/stylegan/results/run_1745242897/w_candidates/seed5502/projected_w.npz
[Seed 4222] Projecting...
[INFO] Using seed: 4222
Loading network from "/Users/juheon/Desktop/DE_FAKE/capstone/stylegan2-ada-pytorch/weights/ffhq.pkl"
Computing W midpoint and stddev using 10000 samples...
step    1/400: dist 0.70 loss 9317.79
step    2/400: dist 0.70 loss 13056.46
step    3/400: dist 0.66 loss 12254.37
step    4/400: dist 0.62 loss 10842.61
step    5/400: dist 0.64 loss 9071.42
step    6/400: dist 0.67 loss 7146.98
step    7/400: dist 0.67 loss 5376.02
step    8/400: dist 0.64 loss 3962.33
step    9/400: dist 0.67 loss 3066.61
step   10/400: dist 0.63 loss 2569.24
step   11/400: dist 0.58 loss 2367.48
step   12/400: dist 0.60 loss 2435.13
step   13/400: dist 0.62 loss 2624.82
step   14/400: dist 0.57 loss 2626.99
step   15/400: dist 0.59 loss 2583.44
step   16/400: dist 0.57 loss 2602.35
step   17/400: dist 0.58 loss 2733.30
step   18/400: dist 0.56 loss 2966.59
step   19/400: dist 0.55 loss 3123.52
step   20/400: dist 0.56 loss 2968.81
step   21/400: dist 0.57 loss 2611.75
step   22/400: dist 0.56 loss 2230.60
step   23/400: dist 0.54 loss 1923.84
step   24/400: dist 0.53 loss 1642.20
step   25/400: dist 0.53 loss 1303.23
step   26/400: dist 0.55 loss 927.10
step   27/400: dist 0.54 loss 628.58
step   28/400: dist 0.52 loss 419.98
step   29/400: dist 0.53 loss 350.35
step   30/400: dist 0.52 loss 407.47
step   31/400: dist 0.53 loss 532.04
step   32/400: dist 0.55 loss 651.26
step   33/400: dist 0.51 loss 711.76
step   34/400: dist 0.53 loss 713.50
step   35/400: dist 0.52 loss 674.39
step   36/400: dist 0.53 loss 596.92
step   37/400: dist 0.52 loss 500.56
step   38/400: dist 0.51 loss 381.74
step   39/400: dist 0.52 loss 263.11
step   40/400: dist 0.49 loss 168.71
step   41/400: dist 0.50 loss 113.40
step   42/400: dist 0.50 loss 116.02
step   43/400: dist 0.50 loss 154.55
step   44/400: dist 0.50 loss 186.62
step   45/400: dist 0.48 loss 181.28
step   46/400: dist 0.51 loss 140.15
step   47/400: dist 0.51 loss 95.90
step   48/400: dist 0.49 loss 66.17
step   49/400: dist 0.49 loss 58.17
step   50/400: dist 0.49 loss 65.90
step   51/400: dist 0.48 loss 79.90
step   52/400: dist 0.47 loss 90.95
step   53/400: dist 0.47 loss 91.28
step   54/400: dist 0.48 loss 81.69
step   55/400: dist 0.47 loss 71.22
step   56/400: dist 0.47 loss 61.96
step   57/400: dist 0.47 loss 51.58
step   58/400: dist 0.47 loss 41.46
step   59/400: dist 0.48 loss 40.55
step   60/400: dist 0.48 loss 47.28
step   61/400: dist 0.48 loss 50.31
step   62/400: dist 0.47 loss 40.92
step   63/400: dist 0.46 loss 27.55
step   64/400: dist 0.47 loss 23.72
step   65/400: dist 0.46 loss 22.63
step   66/400: dist 0.46 loss 21.38
step   67/400: dist 0.47 loss 25.58
step   68/400: dist 0.47 loss 30.49
step   69/400: dist 0.46 loss 22.92
step   70/400: dist 0.45 loss 13.40
step   71/400: dist 0.45 loss 15.26
step   72/400: dist 0.45 loss 18.61
step   73/400: dist 0.46 loss 14.55
step   74/400: dist 0.45 loss 11.99
step   75/400: dist 0.45 loss 13.86
step   76/400: dist 0.45 loss 13.36
step   77/400: dist 0.45 loss 12.87
step   78/400: dist 0.46 loss 15.70
step   79/400: dist 0.45 loss 16.00
step   80/400: dist 0.46 loss 11.96
step   81/400: dist 0.45 loss 9.32 
step   82/400: dist 0.43 loss 8.69 
step   83/400: dist 0.44 loss 8.15 
step   84/400: dist 0.43 loss 9.75 
step   85/400: dist 0.44 loss 14.54
step   86/400: dist 0.44 loss 17.71
step   87/400: dist 0.44 loss 13.68
step   88/400: dist 0.44 loss 5.94 
step   89/400: dist 0.45 loss 5.58 
step   90/400: dist 0.44 loss 9.78 
step   91/400: dist 0.42 loss 8.36 
step   92/400: dist 0.45 loss 4.97 
step   93/400: dist 0.43 loss 7.28 
step   94/400: dist 0.43 loss 8.54 
step   95/400: dist 0.43 loss 5.53 
step   96/400: dist 0.43 loss 5.81 
step   97/400: dist 0.42 loss 7.18 
step   98/400: dist 0.43 loss 4.26 
step   99/400: dist 0.42 loss 3.01 
step  100/400: dist 0.43 loss 4.81 
step  101/400: dist 0.43 loss 3.86 
step  102/400: dist 0.43 loss 2.69 
step  103/400: dist 0.43 loss 4.22 
step  104/400: dist 0.42 loss 3.88 
step  105/400: dist 0.43 loss 1.93 
step  106/400: dist 0.44 loss 2.16 
step  107/400: dist 0.42 loss 2.66 
step  108/400: dist 0.41 loss 2.06 
step  109/400: dist 0.41 loss 2.51 
step  110/400: dist 0.42 loss 3.28 
step  111/400: dist 0.43 loss 3.05 
step  112/400: dist 0.43 loss 3.61 
step  113/400: dist 0.41 loss 5.81 
step  114/400: dist 0.41 loss 9.30 
step  115/400: dist 0.42 loss 15.15
step  116/400: dist 0.44 loss 19.90
step  117/400: dist 0.43 loss 15.88
step  118/400: dist 0.43 loss 11.64
step  119/400: dist 0.44 loss 18.10
step  120/400: dist 0.44 loss 23.19
step  121/400: dist 0.43 loss 18.15
step  122/400: dist 0.41 loss 17.61
step  123/400: dist 0.42 loss 22.19
step  124/400: dist 0.41 loss 15.12
step  125/400: dist 0.41 loss 8.16 
step  126/400: dist 0.41 loss 14.97
step  127/400: dist 0.41 loss 19.13
step  128/400: dist 0.41 loss 14.61
step  129/400: dist 0.41 loss 14.33
step  130/400: dist 0.40 loss 14.91
step  131/400: dist 0.40 loss 9.21 
step  132/400: dist 0.41 loss 7.69 
step  133/400: dist 0.42 loss 12.98
step  134/400: dist 0.41 loss 12.77
step  135/400: dist 0.41 loss 7.26 
step  136/400: dist 0.40 loss 7.41 
step  137/400: dist 0.42 loss 12.49
step  138/400: dist 0.42 loss 15.90
step  139/400: dist 0.42 loss 17.78
step  140/400: dist 0.40 loss 18.49
step  141/400: dist 0.40 loss 15.97
step  142/400: dist 0.40 loss 13.60
step  143/400: dist 0.40 loss 14.58
step  144/400: dist 0.40 loss 14.54
step  145/400: dist 0.40 loss 10.60
step  146/400: dist 0.40 loss 6.75 
step  147/400: dist 0.40 loss 6.59 
step  148/400: dist 0.39 loss 8.50 
step  149/400: dist 0.40 loss 7.99 
step  150/400: dist 0.40 loss 5.15 
step  151/400: dist 0.40 loss 4.52 
step  152/400: dist 0.40 loss 6.12 
step  153/400: dist 0.40 loss 5.50 
step  154/400: dist 0.39 loss 3.16 
step  155/400: dist 0.39 loss 3.13 
step  156/400: dist 0.39 loss 4.40 
step  157/400: dist 0.40 loss 3.79 
step  158/400: dist 0.39 loss 2.51 
step  159/400: dist 0.39 loss 2.57 
step  160/400: dist 0.39 loss 2.86 
step  161/400: dist 0.39 loss 2.64 
step  162/400: dist 0.39 loss 2.68 
step  163/400: dist 0.39 loss 2.66 
step  164/400: dist 0.39 loss 2.09 
step  165/400: dist 0.39 loss 2.07 
step  166/400: dist 0.39 loss 3.04 
step  167/400: dist 0.39 loss 3.60 
step  168/400: dist 0.38 loss 3.35 
step  169/400: dist 0.39 loss 3.80 
step  170/400: dist 0.39 loss 5.42 
step  171/400: dist 0.39 loss 6.95 
step  172/400: dist 0.38 loss 7.59 
step  173/400: dist 0.38 loss 7.70 
step  174/400: dist 0.38 loss 7.20 
step  175/400: dist 0.38 loss 5.97 
step  176/400: dist 0.38 loss 5.26 
step  177/400: dist 0.38 loss 7.15 
step  178/400: dist 0.38 loss 12.43
step  179/400: dist 0.38 loss 19.32
step  180/400: dist 0.39 loss 22.40
step  181/400: dist 0.39 loss 17.66
step  182/400: dist 0.39 loss 13.01
step  183/400: dist 0.38 loss 19.12
step  184/400: dist 0.38 loss 27.85
step  185/400: dist 0.39 loss 24.67
step  186/400: dist 0.39 loss 15.98
step  187/400: dist 0.38 loss 18.22
step  188/400: dist 0.38 loss 24.26
step  189/400: dist 0.38 loss 18.18
step  190/400: dist 0.38 loss 10.10
step  191/400: dist 0.38 loss 16.73
step  192/400: dist 0.38 loss 28.12
step  193/400: dist 0.38 loss 25.80
step  194/400: dist 0.38 loss 12.24
step  195/400: dist 0.38 loss 5.54 
step  196/400: dist 0.37 loss 11.11
step  197/400: dist 0.38 loss 15.82
step  198/400: dist 0.38 loss 10.48
step  199/400: dist 0.38 loss 4.20 
step  200/400: dist 0.37 loss 7.00 
step  201/400: dist 0.37 loss 10.07
step  202/400: dist 0.38 loss 5.44 
step  203/400: dist 0.38 loss 3.02 
step  204/400: dist 0.37 loss 7.02 
step  205/400: dist 0.37 loss 6.95 
step  206/400: dist 0.37 loss 3.10 
step  207/400: dist 0.38 loss 4.82 
step  208/400: dist 0.38 loss 7.93 
step  209/400: dist 0.37 loss 6.26 
step  210/400: dist 0.38 loss 6.33 
step  211/400: dist 0.39 loss 10.05
step  212/400: dist 0.38 loss 10.04
step  213/400: dist 0.37 loss 6.87 
step  214/400: dist 0.37 loss 6.09 
step  215/400: dist 0.38 loss 6.44 
step  216/400: dist 0.37 loss 6.13 
step  217/400: dist 0.37 loss 6.98 
step  218/400: dist 0.37 loss 7.47 
step  219/400: dist 0.37 loss 5.38 
step  220/400: dist 0.37 loss 3.64 
step  221/400: dist 0.37 loss 4.81 
step  222/400: dist 0.37 loss 6.92 
step  223/400: dist 0.37 loss 7.75 
step  224/400: dist 0.37 loss 7.17 
step  225/400: dist 0.37 loss 6.01 
step  226/400: dist 0.37 loss 5.60 
step  227/400: dist 0.37 loss 6.60 
step  228/400: dist 0.37 loss 8.38 
step  229/400: dist 0.37 loss 10.83
step  230/400: dist 0.37 loss 14.51
step  231/400: dist 0.36 loss 18.02
step  232/400: dist 0.37 loss 18.60
step  233/400: dist 0.37 loss 16.82
step  234/400: dist 0.37 loss 16.03
step  235/400: dist 0.36 loss 14.87
step  236/400: dist 0.37 loss 11.52
step  237/400: dist 0.37 loss 9.11 
step  238/400: dist 0.36 loss 10.63
step  239/400: dist 0.36 loss 13.70
step  240/400: dist 0.37 loss 12.82
step  241/400: dist 0.37 loss 7.87 
step  242/400: dist 0.36 loss 4.57 
step  243/400: dist 0.37 loss 5.17 
step  244/400: dist 0.37 loss 6.08 
step  245/400: dist 0.36 loss 5.36 
step  246/400: dist 0.36 loss 5.15 
step  247/400: dist 0.37 loss 5.46 
step  248/400: dist 0.36 loss 4.50 
step  249/400: dist 0.36 loss 3.62 
step  250/400: dist 0.36 loss 4.92 
step  251/400: dist 0.36 loss 7.12 
step  252/400: dist 0.36 loss 8.50 
step  253/400: dist 0.36 loss 9.95 
step  254/400: dist 0.36 loss 11.86
step  255/400: dist 0.36 loss 12.79
step  256/400: dist 0.36 loss 12.28
step  257/400: dist 0.36 loss 11.53
step  258/400: dist 0.36 loss 10.64
step  259/400: dist 0.36 loss 9.17 
step  260/400: dist 0.36 loss 9.26 
step  261/400: dist 0.36 loss 12.85
step  262/400: dist 0.36 loss 18.24
step  263/400: dist 0.36 loss 20.28
step  264/400: dist 0.36 loss 14.88
step  265/400: dist 0.36 loss 6.26 
step  266/400: dist 0.36 loss 4.13 
step  267/400: dist 0.36 loss 8.72 
step  268/400: dist 0.36 loss 10.75
step  269/400: dist 0.36 loss 6.34 
step  270/400: dist 0.36 loss 3.04 
step  271/400: dist 0.36 loss 5.38 
step  272/400: dist 0.36 loss 7.10 
step  273/400: dist 0.36 loss 4.47 
step  274/400: dist 0.36 loss 3.03 
step  275/400: dist 0.35 loss 5.16 
step  276/400: dist 0.35 loss 6.14 
step  277/400: dist 0.35 loss 5.31 
step  278/400: dist 0.35 loss 6.60 
step  279/400: dist 0.35 loss 8.72 
step  280/400: dist 0.35 loss 7.82 
step  281/400: dist 0.35 loss 5.53 
step  282/400: dist 0.35 loss 4.62 
step  283/400: dist 0.35 loss 3.49 
step  284/400: dist 0.35 loss 1.74 
step  285/400: dist 0.35 loss 2.36 
step  286/400: dist 0.35 loss 5.23 
step  287/400: dist 0.35 loss 6.83 
step  288/400: dist 0.35 loss 7.06 
step  289/400: dist 0.35 loss 9.15 
step  290/400: dist 0.35 loss 13.81
step  291/400: dist 0.35 loss 17.97
step  292/400: dist 0.35 loss 18.41
step  293/400: dist 0.35 loss 16.28
step  294/400: dist 0.35 loss 17.49
step  295/400: dist 0.35 loss 24.04
step  296/400: dist 0.35 loss 28.67
step  297/400: dist 0.35 loss 25.14
step  298/400: dist 0.35 loss 19.03
step  299/400: dist 0.35 loss 18.66
step  300/400: dist 0.35 loss 20.55
step  301/400: dist 0.36 loss 16.75
step  302/400: dist 0.35 loss 10.48
step  303/400: dist 0.36 loss 11.14
step  304/400: dist 0.36 loss 15.56
step  305/400: dist 0.35 loss 13.30
step  306/400: dist 0.36 loss 6.80 
step  307/400: dist 0.36 loss 6.87 
step  308/400: dist 0.36 loss 11.85
step  309/400: dist 0.35 loss 11.14
step  310/400: dist 0.35 loss 5.31 
step  311/400: dist 0.35 loss 3.03 
step  312/400: dist 0.35 loss 4.41 
step  313/400: dist 0.35 loss 4.72 
step  314/400: dist 0.35 loss 4.45 
step  315/400: dist 0.35 loss 4.23 
step  316/400: dist 0.35 loss 2.49 
step  317/400: dist 0.35 loss 1.59 
step  318/400: dist 0.35 loss 3.08 
step  319/400: dist 0.35 loss 3.02 
step  320/400: dist 0.35 loss 1.21 
step  321/400: dist 0.35 loss 1.47 
step  322/400: dist 0.35 loss 2.17 
step  323/400: dist 0.35 loss 1.28 
step  324/400: dist 0.35 loss 1.11 
step  325/400: dist 0.35 loss 1.39 
step  326/400: dist 0.35 loss 0.96 
step  327/400: dist 0.35 loss 1.02 
step  328/400: dist 0.35 loss 0.98 
step  329/400: dist 0.35 loss 0.70 
step  330/400: dist 0.35 loss 0.90 
step  331/400: dist 0.35 loss 0.70 
step  332/400: dist 0.35 loss 0.62 
step  333/400: dist 0.35 loss 0.74 
step  334/400: dist 0.35 loss 0.53 
step  335/400: dist 0.35 loss 0.61 
step  336/400: dist 0.35 loss 0.55 
step  337/400: dist 0.35 loss 0.51 
step  338/400: dist 0.35 loss 0.52 
step  339/400: dist 0.35 loss 0.46 
step  340/400: dist 0.35 loss 0.48 
step  341/400: dist 0.35 loss 0.44 
step  342/400: dist 0.35 loss 0.46 
step  343/400: dist 0.35 loss 0.40 
step  344/400: dist 0.35 loss 0.44 
step  345/400: dist 0.35 loss 0.39 
step  346/400: dist 0.35 loss 0.42 
step  347/400: dist 0.35 loss 0.37 
step  348/400: dist 0.35 loss 0.41 
step  349/400: dist 0.35 loss 0.37 
step  350/400: dist 0.35 loss 0.40 
step  351/400: dist 0.35 loss 0.36 
step  352/400: dist 0.35 loss 0.39 
step  353/400: dist 0.35 loss 0.36 
step  354/400: dist 0.35 loss 0.37 
step  355/400: dist 0.35 loss 0.36 
step  356/400: dist 0.35 loss 0.36 
step  357/400: dist 0.35 loss 0.36 
step  358/400: dist 0.35 loss 0.35 
step  359/400: dist 0.35 loss 0.36 
step  360/400: dist 0.35 loss 0.35 
step  361/400: dist 0.35 loss 0.36 
step  362/400: dist 0.35 loss 0.35 
step  363/400: dist 0.35 loss 0.35 
step  364/400: dist 0.35 loss 0.35 
step  365/400: dist 0.35 loss 0.35 
step  366/400: dist 0.35 loss 0.35 
step  367/400: dist 0.35 loss 0.35 
step  368/400: dist 0.35 loss 0.35 
step  369/400: dist 0.35 loss 0.35 
step  370/400: dist 0.35 loss 0.35 
step  371/400: dist 0.35 loss 0.35 
step  372/400: dist 0.35 loss 0.35 
step  373/400: dist 0.34 loss 0.35 
step  374/400: dist 0.34 loss 0.35 
step  375/400: dist 0.34 loss 0.35 
step  376/400: dist 0.34 loss 0.35 
step  377/400: dist 0.34 loss 0.35 
step  378/400: dist 0.34 loss 0.35 
step  379/400: dist 0.34 loss 0.34 
step  380/400: dist 0.34 loss 0.34 
step  381/400: dist 0.34 loss 0.34 
step  382/400: dist 0.34 loss 0.34 
step  383/400: dist 0.34 loss 0.34 
step  384/400: dist 0.34 loss 0.34 
step  385/400: dist 0.34 loss 0.34 
step  386/400: dist 0.34 loss 0.34 
step  387/400: dist 0.34 loss 0.34 
step  388/400: dist 0.34 loss 0.34 
step  389/400: dist 0.34 loss 0.34 
step  390/400: dist 0.34 loss 0.34 
step  391/400: dist 0.34 loss 0.34 
step  392/400: dist 0.34 loss 0.34 
step  393/400: dist 0.34 loss 0.34 
step  394/400: dist 0.34 loss 0.34 
step  395/400: dist 0.34 loss 0.34 
step  396/400: dist 0.34 loss 0.34 
step  397/400: dist 0.34 loss 0.34 
step  398/400: dist 0.34 loss 0.34 
step  399/400: dist 0.34 loss 0.34 
step  400/400: dist 0.34 loss 0.34 
Elapsed: 125.3 s
[✔] projected_w.npz saved successfully at: /Users/juheon/Desktop/DE_FAKE/capstone/stylegan2-ada-pytorch/InMAC/frame/data/stylegan/results/run_1745242897/w_candidates/seed4222/projected_w.npz
[Seed 1604] Projecting...
[INFO] Using seed: 1604
Loading network from "/Users/juheon/Desktop/DE_FAKE/capstone/stylegan2-ada-pytorch/weights/ffhq.pkl"
Computing W midpoint and stddev using 10000 samples...
step    1/400: dist 0.66 loss 34741.36
step    2/400: dist 0.68 loss 17029.60
step    3/400: dist 0.72 loss 16288.73
step    4/400: dist 0.76 loss 14966.41
step    5/400: dist 0.65 loss 13283.05
step    6/400: dist 0.63 loss 11488.86
step    7/400: dist 0.65 loss 9839.12
step    8/400: dist 0.67 loss 8364.31
step    9/400: dist 0.64 loss 7051.20
step   10/400: dist 0.65 loss 5799.77
step   11/400: dist 0.61 loss 4577.52
step   12/400: dist 0.61 loss 3381.38
step   13/400: dist 0.61 loss 2415.63
step   14/400: dist 0.56 loss 1885.60
step   15/400: dist 0.60 loss 1910.43
step   16/400: dist 0.59 loss 2519.55
step   17/400: dist 0.56 loss 3461.45
step   18/400: dist 0.56 loss 4334.35
step   19/400: dist 0.57 loss 4794.22
step   20/400: dist 0.58 loss 4647.04
step   21/400: dist 0.56 loss 3943.54
step   22/400: dist 0.55 loss 3057.54
step   23/400: dist 0.55 loss 2350.08
step   24/400: dist 0.54 loss 1879.28
step   25/400: dist 0.53 loss 1649.33
step   26/400: dist 0.53 loss 1549.82
step   27/400: dist 0.53 loss 1584.25
step   28/400: dist 0.54 loss 1626.02
step   29/400: dist 0.53 loss 1646.21
step   30/400: dist 0.53 loss 1601.97
step   31/400: dist 0.53 loss 1437.25
step   32/400: dist 0.51 loss 1126.54
step   33/400: dist 0.52 loss 772.81
step   34/400: dist 0.52 loss 506.81
step   35/400: dist 0.51 loss 381.79
step   36/400: dist 0.50 loss 374.07
step   37/400: dist 0.53 loss 457.35
step   38/400: dist 0.49 loss 578.13
step   39/400: dist 0.50 loss 686.88
step   40/400: dist 0.52 loss 754.07
step   41/400: dist 0.51 loss 748.00
step   42/400: dist 0.50 loss 676.40
step   43/400: dist 0.49 loss 565.86
step   44/400: dist 0.49 loss 427.86
step   45/400: dist 0.49 loss 276.87
step   46/400: dist 0.49 loss 144.41
step   47/400: dist 0.47 loss 62.71
step   48/400: dist 0.48 loss 51.81
step   49/400: dist 0.49 loss 81.98
step   50/400: dist 0.47 loss 131.51
step   51/400: dist 0.49 loss 171.03
step   52/400: dist 0.49 loss 183.32
step   53/400: dist 0.48 loss 172.59
step   54/400: dist 0.46 loss 151.17
step   55/400: dist 0.48 loss 128.04
step   56/400: dist 0.47 loss 106.35
step   57/400: dist 0.46 loss 90.51
step   58/400: dist 0.47 loss 82.43
step   59/400: dist 0.47 loss 80.20
step   60/400: dist 0.46 loss 80.96
step   61/400: dist 0.46 loss 78.57
step   62/400: dist 0.46 loss 69.76
step   63/400: dist 0.48 loss 56.87
step   64/400: dist 0.45 loss 40.86
step   65/400: dist 0.46 loss 26.25
step   66/400: dist 0.45 loss 19.15
step   67/400: dist 0.46 loss 20.47
step   68/400: dist 0.46 loss 24.06
step   69/400: dist 0.46 loss 27.13
step   70/400: dist 0.45 loss 29.85
step   71/400: dist 0.45 loss 35.05
step   72/400: dist 0.46 loss 40.80
step   73/400: dist 0.44 loss 40.45
step   74/400: dist 0.45 loss 33.27
step   75/400: dist 0.45 loss 25.20
step   76/400: dist 0.48 loss 20.47
step   77/400: dist 0.45 loss 17.28
step   78/400: dist 0.45 loss 16.09
step   79/400: dist 0.44 loss 19.75
step   80/400: dist 0.44 loss 25.41
step   81/400: dist 0.45 loss 24.65
step   82/400: dist 0.44 loss 19.60
step   83/400: dist 0.45 loss 16.70
step   84/400: dist 0.43 loss 13.02
step   85/400: dist 0.44 loss 8.98 
step   86/400: dist 0.44 loss 10.11
step   87/400: dist 0.45 loss 12.87
step   88/400: dist 0.44 loss 10.21
step   89/400: dist 0.46 loss 8.70 
step   90/400: dist 0.45 loss 12.00
step   91/400: dist 0.45 loss 11.54
step   92/400: dist 0.45 loss 7.73 
step   93/400: dist 0.46 loss 8.38 
step   94/400: dist 0.44 loss 8.92 
step   95/400: dist 0.44 loss 4.88 
step   96/400: dist 0.44 loss 3.40 
step   97/400: dist 0.43 loss 5.37 
step   98/400: dist 0.43 loss 4.50 
step   99/400: dist 0.43 loss 3.05 
step  100/400: dist 0.44 loss 5.08 
step  101/400: dist 0.47 loss 6.55 
step  102/400: dist 0.47 loss 5.99 
step  103/400: dist 0.42 loss 7.02 
step  104/400: dist 0.43 loss 8.46 
step  105/400: dist 0.42 loss 6.83 
step  106/400: dist 0.43 loss 4.30 
step  107/400: dist 0.43 loss 4.08 
step  108/400: dist 0.44 loss 5.41 
step  109/400: dist 0.45 loss 7.51 
step  110/400: dist 0.44 loss 10.79
step  111/400: dist 0.45 loss 12.56
step  112/400: dist 0.44 loss 9.28 
step  113/400: dist 0.43 loss 3.78 
step  114/400: dist 0.43 loss 3.30 
step  115/400: dist 0.43 loss 7.45 
step  116/400: dist 0.43 loss 9.26 
step  117/400: dist 0.43 loss 6.51 
step  118/400: dist 0.43 loss 4.81 
step  119/400: dist 0.42 loss 7.21 
step  120/400: dist 0.42 loss 8.78 
step  121/400: dist 0.42 loss 6.04 
step  122/400: dist 0.42 loss 2.82 
step  123/400: dist 0.43 loss 2.70 
step  124/400: dist 0.42 loss 3.45 
step  125/400: dist 0.43 loss 3.10 
step  126/400: dist 0.42 loss 3.26 
step  127/400: dist 0.42 loss 4.55 
step  128/400: dist 0.41 loss 4.98 
step  129/400: dist 0.41 loss 4.90 
step  130/400: dist 0.40 loss 7.22 
step  131/400: dist 0.42 loss 12.54
step  132/400: dist 0.42 loss 17.27
step  133/400: dist 0.43 loss 17.50
step  134/400: dist 0.41 loss 14.08
step  135/400: dist 0.40 loss 13.93
step  136/400: dist 0.40 loss 19.50
step  137/400: dist 0.41 loss 25.00
step  138/400: dist 0.41 loss 24.85
step  139/400: dist 0.41 loss 21.12
step  140/400: dist 0.40 loss 16.52
step  141/400: dist 0.41 loss 11.30
step  142/400: dist 0.40 loss 8.93 
step  143/400: dist 0.40 loss 12.02
step  144/400: dist 0.40 loss 15.79
step  145/400: dist 0.39 loss 15.32
step  146/400: dist 0.39 loss 14.36
step  147/400: dist 0.39 loss 14.23
step  148/400: dist 0.40 loss 10.34
step  149/400: dist 0.40 loss 5.77 
step  150/400: dist 0.40 loss 7.05 
step  151/400: dist 0.39 loss 10.20
step  152/400: dist 0.39 loss 7.36 
step  153/400: dist 0.40 loss 3.19 
step  154/400: dist 0.39 loss 4.85 
step  155/400: dist 0.39 loss 7.29 
step  156/400: dist 0.39 loss 4.87 
step  157/400: dist 0.39 loss 2.82 
step  158/400: dist 0.39 loss 4.89 
step  159/400: dist 0.39 loss 6.42 
step  160/400: dist 0.39 loss 5.61 
step  161/400: dist 0.39 loss 7.26 
step  162/400: dist 0.39 loss 13.86
step  163/400: dist 0.39 loss 22.88
step  164/400: dist 0.39 loss 28.99
step  165/400: dist 0.39 loss 23.83
step  166/400: dist 0.38 loss 10.08
step  167/400: dist 0.38 loss 4.55 
step  168/400: dist 0.39 loss 11.31
step  169/400: dist 0.38 loss 14.31
step  170/400: dist 0.38 loss 7.48 
step  171/400: dist 0.38 loss 4.48 
step  172/400: dist 0.38 loss 8.95 
step  173/400: dist 0.38 loss 9.34 
step  174/400: dist 0.39 loss 5.54 
step  175/400: dist 0.38 loss 6.46 
step  176/400: dist 0.38 loss 9.72 
step  177/400: dist 0.38 loss 9.68 
step  178/400: dist 0.38 loss 9.66 
step  179/400: dist 0.38 loss 11.50
step  180/400: dist 0.38 loss 10.93
step  181/400: dist 0.38 loss 7.37 
step  182/400: dist 0.38 loss 4.21 
step  183/400: dist 0.38 loss 2.72 
step  184/400: dist 0.38 loss 2.89 
step  185/400: dist 0.37 loss 4.44 
step  186/400: dist 0.38 loss 5.68 
step  187/400: dist 0.38 loss 5.44 
step  188/400: dist 0.38 loss 4.23 
step  189/400: dist 0.38 loss 3.01 
step  190/400: dist 0.38 loss 2.98 
step  191/400: dist 0.38 loss 4.79 
step  192/400: dist 0.38 loss 7.42 
step  193/400: dist 0.37 loss 9.56 
step  194/400: dist 0.37 loss 10.81
step  195/400: dist 0.37 loss 10.34
step  196/400: dist 0.37 loss 8.40 
step  197/400: dist 0.37 loss 8.02 
step  198/400: dist 0.37 loss 12.20
step  199/400: dist 0.37 loss 19.28
step  200/400: dist 0.37 loss 23.31
step  201/400: dist 0.37 loss 19.63
step  202/400: dist 0.37 loss 12.96
step  203/400: dist 0.37 loss 14.06
step  204/400: dist 0.37 loss 22.05
step  205/400: dist 0.37 loss 24.79
step  206/400: dist 0.37 loss 17.65
step  207/400: dist 0.37 loss 12.24
step  208/400: dist 0.37 loss 16.45
step  209/400: dist 0.37 loss 20.72
step  210/400: dist 0.37 loss 14.97
step  211/400: dist 0.37 loss 6.72 
step  212/400: dist 0.37 loss 6.29 
step  213/400: dist 0.36 loss 10.02
step  214/400: dist 0.36 loss 10.74
step  215/400: dist 0.36 loss 8.93 
step  216/400: dist 0.36 loss 8.40 
step  217/400: dist 0.36 loss 10.28
step  218/400: dist 0.36 loss 13.99
step  219/400: dist 0.36 loss 17.03
step  220/400: dist 0.36 loss 14.60
step  221/400: dist 0.36 loss 7.18 
step  222/400: dist 0.36 loss 3.20 
step  223/400: dist 0.36 loss 6.00 
step  224/400: dist 0.36 loss 8.95 
step  225/400: dist 0.36 loss 6.90 
step  226/400: dist 0.36 loss 3.27 
step  227/400: dist 0.35 loss 3.27 
step  228/400: dist 0.36 loss 5.28 
step  229/400: dist 0.35 loss 5.01 
step  230/400: dist 0.35 loss 3.01 
step  231/400: dist 0.35 loss 2.64 
step  232/400: dist 0.35 loss 3.74 
step  233/400: dist 0.35 loss 3.76 
step  234/400: dist 0.35 loss 2.89 
step  235/400: dist 0.35 loss 3.13 
step  236/400: dist 0.35 loss 4.09 
step  237/400: dist 0.35 loss 4.44 
step  238/400: dist 0.35 loss 5.09 
step  239/400: dist 0.35 loss 7.28 
step  240/400: dist 0.35 loss 10.09
step  241/400: dist 0.35 loss 12.54
step  242/400: dist 0.35 loss 15.01
step  243/400: dist 0.35 loss 16.77
step  244/400: dist 0.35 loss 15.96
step  245/400: dist 0.35 loss 13.15
step  246/400: dist 0.35 loss 10.43
step  247/400: dist 0.35 loss 9.31 
step  248/400: dist 0.35 loss 11.04
step  249/400: dist 0.35 loss 15.07
step  250/400: dist 0.35 loss 19.78
step  251/400: dist 0.35 loss 24.75
step  252/400: dist 0.35 loss 30.30
step  253/400: dist 0.35 loss 32.86
step  254/400: dist 0.35 loss 25.34
step  255/400: dist 0.35 loss 10.04
step  256/400: dist 0.35 loss 3.09 
step  257/400: dist 0.34 loss 11.11
step  258/400: dist 0.35 loss 19.53
step  259/400: dist 0.34 loss 14.84
step  260/400: dist 0.34 loss 5.16 
step  261/400: dist 0.34 loss 5.18 
step  262/400: dist 0.34 loss 11.61
step  263/400: dist 0.34 loss 12.86
step  264/400: dist 0.34 loss 10.52
step  265/400: dist 0.34 loss 13.55
step  266/400: dist 0.34 loss 20.24
step  267/400: dist 0.34 loss 21.74
step  268/400: dist 0.34 loss 16.12
step  269/400: dist 0.34 loss 8.92 
step  270/400: dist 0.34 loss 5.05 
step  271/400: dist 0.34 loss 5.89 
step  272/400: dist 0.34 loss 9.73 
step  273/400: dist 0.34 loss 13.06
step  274/400: dist 0.34 loss 13.68
step  275/400: dist 0.34 loss 14.07
step  276/400: dist 0.34 loss 17.18
step  277/400: dist 0.34 loss 18.30
step  278/400: dist 0.34 loss 12.14
step  279/400: dist 0.34 loss 4.24 
step  280/400: dist 0.34 loss 4.19 
step  281/400: dist 0.34 loss 9.70 
step  282/400: dist 0.34 loss 10.64
step  283/400: dist 0.34 loss 5.92 
step  284/400: dist 0.34 loss 4.82 
step  285/400: dist 0.34 loss 10.05
step  286/400: dist 0.34 loss 14.46
step  287/400: dist 0.34 loss 14.86
step  288/400: dist 0.34 loss 14.61
step  289/400: dist 0.34 loss 12.33
step  290/400: dist 0.34 loss 6.15 
step  291/400: dist 0.34 loss 2.26 
step  292/400: dist 0.34 loss 5.35 
step  293/400: dist 0.34 loss 8.99 
step  294/400: dist 0.34 loss 6.28 
step  295/400: dist 0.34 loss 1.95 
step  296/400: dist 0.34 loss 2.74 
step  297/400: dist 0.34 loss 5.38 
step  298/400: dist 0.34 loss 4.42 
step  299/400: dist 0.34 loss 1.87 
step  300/400: dist 0.34 loss 1.87 
step  301/400: dist 0.34 loss 3.23 
step  302/400: dist 0.33 loss 3.08 
step  303/400: dist 0.34 loss 1.86 
step  304/400: dist 0.33 loss 1.50 
step  305/400: dist 0.34 loss 2.05 
step  306/400: dist 0.33 loss 2.19 
step  307/400: dist 0.33 loss 1.64 
step  308/400: dist 0.33 loss 1.44 
step  309/400: dist 0.33 loss 2.11 
step  310/400: dist 0.33 loss 2.71 
step  311/400: dist 0.33 loss 2.71 
step  312/400: dist 0.33 loss 3.05 
step  313/400: dist 0.33 loss 4.03 
step  314/400: dist 0.33 loss 4.26 
step  315/400: dist 0.33 loss 3.20 
step  316/400: dist 0.33 loss 2.02 
step  317/400: dist 0.33 loss 1.26 
step  318/400: dist 0.33 loss 0.69 
step  319/400: dist 0.33 loss 0.84 
step  320/400: dist 0.33 loss 1.65 
step  321/400: dist 0.33 loss 1.61 
step  322/400: dist 0.33 loss 0.74 
step  323/400: dist 0.33 loss 0.49 
step  324/400: dist 0.33 loss 0.83 
step  325/400: dist 0.33 loss 0.91 
step  326/400: dist 0.33 loss 0.76 
step  327/400: dist 0.33 loss 0.51 
step  328/400: dist 0.33 loss 0.48 
step  329/400: dist 0.33 loss 0.73 
step  330/400: dist 0.33 loss 0.55 
step  331/400: dist 0.33 loss 0.35 
step  332/400: dist 0.33 loss 0.57 
step  333/400: dist 0.33 loss 0.50 
step  334/400: dist 0.33 loss 0.36 
step  335/400: dist 0.33 loss 0.48 
step  336/400: dist 0.33 loss 0.43 
step  337/400: dist 0.33 loss 0.38 
step  338/400: dist 0.33 loss 0.41 
step  339/400: dist 0.33 loss 0.40 
step  340/400: dist 0.33 loss 0.36 
step  341/400: dist 0.33 loss 0.39 
step  342/400: dist 0.33 loss 0.37 
step  343/400: dist 0.33 loss 0.35 
step  344/400: dist 0.33 loss 0.38 
step  345/400: dist 0.33 loss 0.33 
step  346/400: dist 0.33 loss 0.37 
step  347/400: dist 0.33 loss 0.33 
step  348/400: dist 0.33 loss 0.36 
step  349/400: dist 0.33 loss 0.33 
step  350/400: dist 0.33 loss 0.35 
step  351/400: dist 0.33 loss 0.33 
step  352/400: dist 0.33 loss 0.34 
step  353/400: dist 0.33 loss 0.33 
step  354/400: dist 0.33 loss 0.34 
step  355/400: dist 0.33 loss 0.33 
step  356/400: dist 0.33 loss 0.34 
step  357/400: dist 0.33 loss 0.33 
step  358/400: dist 0.33 loss 0.33 
step  359/400: dist 0.33 loss 0.33 
step  360/400: dist 0.33 loss 0.33 
step  361/400: dist 0.33 loss 0.33 
step  362/400: dist 0.33 loss 0.33 
step  363/400: dist 0.33 loss 0.33 
step  364/400: dist 0.33 loss 0.33 
step  365/400: dist 0.33 loss 0.33 
step  366/400: dist 0.33 loss 0.33 
step  367/400: dist 0.33 loss 0.33 
step  368/400: dist 0.33 loss 0.33 
step  369/400: dist 0.33 loss 0.33 
step  370/400: dist 0.33 loss 0.33 
step  371/400: dist 0.33 loss 0.33 
step  372/400: dist 0.33 loss 0.33 
step  373/400: dist 0.33 loss 0.33 
step  374/400: dist 0.33 loss 0.33 
step  375/400: dist 0.33 loss 0.33 
step  376/400: dist 0.33 loss 0.33 
step  377/400: dist 0.33 loss 0.33 
step  378/400: dist 0.33 loss 0.33 
step  379/400: dist 0.33 loss 0.33 
step  380/400: dist 0.33 loss 0.33 
step  381/400: dist 0.33 loss 0.33 
step  382/400: dist 0.33 loss 0.33 
step  383/400: dist 0.33 loss 0.33 
step  384/400: dist 0.33 loss 0.33 
step  385/400: dist 0.33 loss 0.33 
step  386/400: dist 0.33 loss 0.33 
step  387/400: dist 0.33 loss 0.33 
step  388/400: dist 0.33 loss 0.33 
step  389/400: dist 0.33 loss 0.33 
step  390/400: dist 0.33 loss 0.33 
step  391/400: dist 0.33 loss 0.33 
step  392/400: dist 0.33 loss 0.33 
step  393/400: dist 0.33 loss 0.33 
step  394/400: dist 0.33 loss 0.33 
step  395/400: dist 0.33 loss 0.33 
step  396/400: dist 0.33 loss 0.33 
step  397/400: dist 0.33 loss 0.33 
step  398/400: dist 0.33 loss 0.33 
step  399/400: dist 0.33 loss 0.33 
step  400/400: dist 0.33 loss 0.33 
Elapsed: 126.5 s
[✔] projected_w.npz saved successfully at: /Users/juheon/Desktop/DE_FAKE/capstone/stylegan2-ada-pytorch/InMAC/frame/data/stylegan/results/run_1745242897/w_candidates/seed1604/projected_w.npz
[Step 2] Finding closest W...
[INFO] Loading LPIPS model on device mps...
[INFO] Loading target image: /Users/juheon/Desktop/DE_FAKE/capstone/stylegan2-ada-pytorch/InMAC/frame/data/stylegan/input/1745242897_smith.jpg
[INFO] Searching in directory: /Users/juheon/Desktop/DE_FAKE/capstone/stylegan2-ada-pytorch/InMAC/frame/data/stylegan/results/run_1745242897/w_candidates
[INFO] Saving closest w to /Users/juheon/Desktop/DE_FAKE/capstone/stylegan2-ada-pytorch/InMAC/frame/data/stylegan/results/run_1745242897/closest_w.npz
[Step 2.5] Refining selected W...
Computing W midpoint and stddev using 10000 samples...
Step 1/200 | Loss: 4584.0854
Step 11/200 | Loss: 653.8298
Step 21/200 | Loss: 242.0411
Step 31/200 | Loss: 88.8024
Step 41/200 | Loss: 28.0172
Step 51/200 | Loss: 5.5031
Step 61/200 | Loss: 0.7349
Step 71/200 | Loss: 0.2453
Step 81/200 | Loss: 0.2637
Step 91/200 | Loss: 0.2321
Step 101/200 | Loss: 0.2197
Step 111/200 | Loss: 0.2163
Step 121/200 | Loss: 0.2402
Step 131/200 | Loss: 0.2460
Step 141/200 | Loss: 0.2117
Step 151/200 | Loss: 0.2073
Step 161/200 | Loss: 0.2280
Step 171/200 | Loss: 0.2198
Step 181/200 | Loss: 0.2301
Step 191/200 | Loss: 0.2208
Step 200/200 | Loss: 0.2178
Saving video (raw): /Users/juheon/Desktop/DE_FAKE/capstone/stylegan2-ada-pytorch/InMAC/frame/data/stylegan/results/run_1745242897/refined/refine_raw.mp4
Re-encoding video to H.264 for browser compatibility...
[Step 3] Generating image with FGSM...
Loading network from /Users/juheon/Desktop/DE_FAKE/capstone/stylegan2-ada-pytorch/weights/ffhq.pkl
FGSM image and latent saved to /Users/juheon/Desktop/DE_FAKE/capstone/stylegan2-ada-pytorch/InMAC/frame/data/stylegan/results/run_1745242897
Output saved in /Users/juheon/Desktop/DE_FAKE/capstone/stylegan2-ada-pytorch/InMAC/frame/data/stylegan/results/run_1745242897


=== STDERR ===
/opt/anaconda3/envs/stylemac/lib/python3.10/site-packages/torch/autograd/__init__.py:251: UserWarning: The operator 'aten::sgn.out' is not currently supported on the MPS backend and will fall back to run on the CPU. This may have performance implications. (Triggered internally at /Users/runner/work/pytorch/pytorch/pytorch/aten/src/ATen/mps/MPSFallback.mm:13.)
  Variable._execution_engine.run_backward(  # Calls into the C++ engine to run the backward pass
ffmpeg version 7.1.1 Copyright (c) 2000-2025 the FFmpeg developers
  built with Apple clang version 16.0.0 (clang-1600.0.26.6)
  configuration: --prefix=/opt/homebrew/Cellar/ffmpeg/7.1.1_2 --enable-shared --enable-pthreads --enable-version3 --cc=clang --host-cflags= --host-ldflags='-Wl,-ld_classic' --enable-ffplay --enable-gnutls --enable-gpl --enable-libaom --enable-libaribb24 --enable-libbluray --enable-libdav1d --enable-libharfbuzz --enable-libjxl --enable-libmp3lame --enable-libopus --enable-librav1e --enable-librist --enable-librubberband --enable-libsnappy --enable-libsrt --enable-libssh --enable-libsvtav1 --enable-libtesseract --enable-libtheora --enable-libvidstab --enable-libvmaf --enable-libvorbis --enable-libvpx --enable-libwebp --enable-libx264 --enable-libx265 --enable-libxml2 --enable-libxvid --enable-lzma --enable-libfontconfig --enable-libfreetype --enable-frei0r --enable-libass --enable-libopencore-amrnb --enable-libopencore-amrwb --enable-libopenjpeg --enable-libspeex --enable-libsoxr --enable-libzmq --enable-libzimg --disable-libjack --disable-indev=jack --enable-videotoolbox --enable-audiotoolbox --enable-neon
  libavutil      59. 39.100 / 59. 39.100
  libavcodec     61. 19.101 / 61. 19.101
  libavformat    61.  7.100 / 61.  7.100
  libavdevice    61.  3.100 / 61.  3.100
  libavfilter    10.  4.100 / 10.  4.100
  libswscale      8.  3.100 /  8.  3.100
  libswresample   5.  3.100 /  5.  3.100
  libpostproc    58.  3.100 / 58.  3.100
Input #0, mov,mp4,m4a,3gp,3g2,mj2, from '/Users/juheon/Desktop/DE_FAKE/capstone/stylegan2-ada-pytorch/InMAC/frame/data/stylegan/results/run_1745242897/refined/refine_raw.mp4':
  Metadata:
    major_brand     : isom
    minor_version   : 512
    compatible_brands: isomiso2mp41
    encoder         : Lavf61.7.100
  Duration: 00:00:06.67, start: 0.000000, bitrate: 11441 kb/s
  Stream #0:0[0x1](und): Video: mpeg4 (Simple Profile) (mp4v / 0x7634706D), yuv420p, 2048x1024 [SAR 1:1 DAR 2:1], 11438 kb/s, 30 fps, 30 tbr, 15360 tbn (default)
      Metadata:
        handler_name    : VideoHandler
        vendor_id       : [0][0][0][0]
Stream mapping:
  Stream #0:0 -> #0:0 (mpeg4 (native) -> h264 (libx264))
Press [q] to stop, [?] for help
[libx264 @ 0x132e359e0] using SAR=1/1
[libx264 @ 0x132e359e0] using cpu capabilities: ARMv8 NEON
[libx264 @ 0x132e359e0] profile High, level 4.0, 4:2:0, 8-bit
[libx264 @ 0x132e359e0] 264 - core 164 r3108 31e19f9 - H.264/MPEG-4 AVC codec - Copyleft 2003-2023 - http://www.videolan.org/x264.html - options: cabac=1 ref=3 deblock=1:0:0 analyse=0x3:0x113 me=hex subme=7 psy=1 psy_rd=1.00:0.00 mixed_ref=1 me_range=16 chroma_me=1 trellis=1 8x8dct=1 cqm=0 deadzone=21,11 fast_pskip=1 chroma_qp_offset=-2 threads=18 lookahead_threads=3 sliced_threads=0 nr=0 decimate=1 interlaced=0 bluray_compat=0 constrained_intra=0 bframes=3 b_pyramid=2 b_adapt=1 b_bias=0 direct=1 weightb=1 open_gop=0 weightp=2 keyint=250 keyint_min=25 scenecut=40 intra_refresh=0 rc_lookahead=40 rc=crf mbtree=1 crf=23.0 qcomp=0.60 qpmin=0 qpmax=69 qpstep=4 ip_ratio=1.40 aq=1:1.00
Output #0, mp4, to '/Users/juheon/Desktop/DE_FAKE/capstone/stylegan2-ada-pytorch/InMAC/frame/data/stylegan/results/run_1745242897/refined/refine.mp4':
  Metadata:
    major_brand     : isom
    minor_version   : 512
    compatible_brands: isomiso2mp41
    encoder         : Lavf61.7.100
  Stream #0:0(und): Video: h264 (avc1 / 0x31637661), yuv420p(tv, progressive), 2048x1024 [SAR 1:1 DAR 2:1], q=2-31, 30 fps, 15360 tbn (default)
      Metadata:
        handler_name    : VideoHandler
        vendor_id       : [0][0][0][0]
        encoder         : Lavc61.19.101 libx264
      Side data:
        cpb: bitrate max/min/avg: 0/0/0 buffer size: 0 vbv_delay: N/A
frame=   60 fps=0.0 q=29.0 size=    1024KiB time=00:00:01.93 bitrate=4339.1kbits/s speed=3.83x    
frame=  150 fps=149 q=29.0 size=    2560KiB time=00:00:04.93 bitrate=4251.1kbits/s speed= 4.9x    
[out#0/mp4 @ 0x132e34a00] video:3682KiB audio:0KiB subtitle:0KiB other streams:0KiB global headers:0KiB muxing overhead: 0.087955%
frame=  200 fps=163 q=-1.0 Lsize=    3685KiB time=00:00:06.60 bitrate=4573.8kbits/s speed=5.38x    
[libx264 @ 0x132e359e0] frame I:1     Avg QP:20.63  size: 66456
[libx264 @ 0x132e359e0] frame P:50    Avg QP:21.50  size: 25742
[libx264 @ 0x132e359e0] frame B:149   Avg QP:24.34  size: 16214
[libx264 @ 0x132e359e0] consecutive B-frames:  0.5%  0.0%  1.5% 98.0%
[libx264 @ 0x132e359e0] mb I  I16..4: 27.4% 72.3%  0.3%
[libx264 @ 0x132e359e0] mb P  I16..4:  2.2% 22.5%  0.1%  P16..4: 17.8%  5.0%  2.5%  0.0%  0.0%    skip:49.9%
[libx264 @ 0x132e359e0] mb B  I16..4:  0.6%  8.4%  0.0%  B16..8: 22.6%  3.9%  0.6%  direct: 1.8%  skip:62.0%  L0:58.2% L1:39.0% BI: 2.8%
[libx264 @ 0x132e359e0] 8x8 transform intra:91.2% inter:88.5%
[libx264 @ 0x132e359e0] coded y,uvDC,uvAC intra: 66.9% 39.4% 0.6% inter: 10.2% 7.6% 0.0%
[libx264 @ 0x132e359e0] i16 v,h,dc,p: 38% 17% 19% 26%
[libx264 @ 0x132e359e0] i8 v,h,dc,ddl,ddr,vr,hd,vl,hu: 15% 12% 62%  2%  2%  2%  1%  2%  2%
[libx264 @ 0x132e359e0] i4 v,h,dc,ddl,ddr,vr,hd,vl,hu: 25% 10% 16%  7% 11% 14%  5%  8%  4%
[libx264 @ 0x132e359e0] i8c dc,h,v,p: 53% 20% 25%  2%
[libx264 @ 0x132e359e0] Weighted P-Frames: Y:0.0% UV:0.0%
[libx264 @ 0x132e359e0] ref P L0: 46.0%  8.5% 29.0% 16.4%
[libx264 @ 0x132e359e0] ref B L0: 74.9% 19.1%  6.0%
[libx264 @ 0x132e359e0] ref B L1: 87.9% 12.1%
[libx264 @ 0x132e359e0] kb/s:4523.29
